This is pdfTeX, Version 3.1415926-2.5-1.40.14 (TeX Live 2013/Debian) (format=pdflatex 2014.5.13)  25 MAY 2014 21:22
entering extended mode
 restricted \write18 enabled.
 %&-line parsing enabled.
**source.tex
(./source.tex
LaTeX2e <2011/06/27>
Babel <3.9h> and hyphenation patterns for 36 languages loaded.
(/home/hom/texmf/tex/latex/fontexam/exampreamble.tex
(/usr/share/texlive/texmf-dist/tex/latex/base/article.cls
Document Class: article 2007/10/19 v1.4h Standard LaTeX document class
(/usr/share/texlive/texmf-dist/tex/latex/base/size10.clo
File: size10.clo 2007/10/19 v1.4h Standard LaTeX file (size option)
)
\c@part=\count79
\c@section=\count80
\c@subsection=\count81
\c@subsubsection=\count82
\c@paragraph=\count83
\c@subparagraph=\count84
\c@figure=\count85
\c@table=\count86
\abovecaptionskip=\skip41
\belowcaptionskip=\skip42
\bibindent=\dimen102
)
(/usr/share/texlive/texmf-dist/tex/latex/etoolbox/etoolbox.sty
Package: etoolbox 2011/01/03 v2.1 e-TeX tools for LaTeX

(/usr/share/texlive/texmf-dist/tex/latex/etex-pkg/etex.sty
Package: etex 1998/03/26 v2.0 eTeX basic definition package (PEB)
\et@xins=\count87
)
\etb@tempcnta=\count88
)
(/usr/share/texlive/texmf-dist/tex/latex/base/inputenc.sty
Package: inputenc 2008/03/30 v1.1d Input encoding file
\inpenc@prehook=\toks14
\inpenc@posthook=\toks15

(/usr/share/texlive/texmf-dist/tex/latex/base/utf8.def
File: utf8.def 2008/04/05 v1.1m UTF-8 support for inputenc
Now handling font encoding OML ...
... no UTF-8 mapping file for font encoding OML
Now handling font encoding T1 ...
... processing UTF-8 mapping file for font encoding T1

(/usr/share/texlive/texmf-dist/tex/latex/base/t1enc.dfu
File: t1enc.dfu 2008/04/05 v1.1m UTF-8 support for inputenc
   defining Unicode char U+00A1 (decimal 161)
   defining Unicode char U+00A3 (decimal 163)
   defining Unicode char U+00AB (decimal 171)
   defining Unicode char U+00BB (decimal 187)
   defining Unicode char U+00BF (decimal 191)
   defining Unicode char U+00C0 (decimal 192)
   defining Unicode char U+00C1 (decimal 193)
   defining Unicode char U+00C2 (decimal 194)
   defining Unicode char U+00C3 (decimal 195)
   defining Unicode char U+00C4 (decimal 196)
   defining Unicode char U+00C5 (decimal 197)
   defining Unicode char U+00C6 (decimal 198)
   defining Unicode char U+00C7 (decimal 199)
   defining Unicode char U+00C8 (decimal 200)
   defining Unicode char U+00C9 (decimal 201)
   defining Unicode char U+00CA (decimal 202)
   defining Unicode char U+00CB (decimal 203)
   defining Unicode char U+00CC (decimal 204)
   defining Unicode char U+00CD (decimal 205)
   defining Unicode char U+00CE (decimal 206)
   defining Unicode char U+00CF (decimal 207)
   defining Unicode char U+00D0 (decimal 208)
   defining Unicode char U+00D1 (decimal 209)
   defining Unicode char U+00D2 (decimal 210)
   defining Unicode char U+00D3 (decimal 211)
   defining Unicode char U+00D4 (decimal 212)
   defining Unicode char U+00D5 (decimal 213)
   defining Unicode char U+00D6 (decimal 214)
   defining Unicode char U+00D8 (decimal 216)
   defining Unicode char U+00D9 (decimal 217)
   defining Unicode char U+00DA (decimal 218)
   defining Unicode char U+00DB (decimal 219)
   defining Unicode char U+00DC (decimal 220)
   defining Unicode char U+00DD (decimal 221)
   defining Unicode char U+00DE (decimal 222)
   defining Unicode char U+00DF (decimal 223)
   defining Unicode char U+00E0 (decimal 224)
   defining Unicode char U+00E1 (decimal 225)
   defining Unicode char U+00E2 (decimal 226)
   defining Unicode char U+00E3 (decimal 227)
   defining Unicode char U+00E4 (decimal 228)
   defining Unicode char U+00E5 (decimal 229)
   defining Unicode char U+00E6 (decimal 230)
   defining Unicode char U+00E7 (decimal 231)
   defining Unicode char U+00E8 (decimal 232)
   defining Unicode char U+00E9 (decimal 233)
   defining Unicode char U+00EA (decimal 234)
   defining Unicode char U+00EB (decimal 235)
   defining Unicode char U+00EC (decimal 236)
   defining Unicode char U+00ED (decimal 237)
   defining Unicode char U+00EE (decimal 238)
   defining Unicode char U+00EF (decimal 239)
   defining Unicode char U+00F0 (decimal 240)
   defining Unicode char U+00F1 (decimal 241)
   defining Unicode char U+00F2 (decimal 242)
   defining Unicode char U+00F3 (decimal 243)
   defining Unicode char U+00F4 (decimal 244)
   defining Unicode char U+00F5 (decimal 245)
   defining Unicode char U+00F6 (decimal 246)
   defining Unicode char U+00F8 (decimal 248)
   defining Unicode char U+00F9 (decimal 249)
   defining Unicode char U+00FA (decimal 250)
   defining Unicode char U+00FB (decimal 251)
   defining Unicode char U+00FC (decimal 252)
   defining Unicode char U+00FD (decimal 253)
   defining Unicode char U+00FE (decimal 254)
   defining Unicode char U+00FF (decimal 255)
   defining Unicode char U+0102 (decimal 258)
   defining Unicode char U+0103 (decimal 259)
   defining Unicode char U+0104 (decimal 260)
   defining Unicode char U+0105 (decimal 261)
   defining Unicode char U+0106 (decimal 262)
   defining Unicode char U+0107 (decimal 263)
   defining Unicode char U+010C (decimal 268)
   defining Unicode char U+010D (decimal 269)
   defining Unicode char U+010E (decimal 270)
   defining Unicode char U+010F (decimal 271)
   defining Unicode char U+0110 (decimal 272)
   defining Unicode char U+0111 (decimal 273)
   defining Unicode char U+0118 (decimal 280)
   defining Unicode char U+0119 (decimal 281)
   defining Unicode char U+011A (decimal 282)
   defining Unicode char U+011B (decimal 283)
   defining Unicode char U+011E (decimal 286)
   defining Unicode char U+011F (decimal 287)
   defining Unicode char U+0130 (decimal 304)
   defining Unicode char U+0131 (decimal 305)
   defining Unicode char U+0132 (decimal 306)
   defining Unicode char U+0133 (decimal 307)
   defining Unicode char U+0139 (decimal 313)
   defining Unicode char U+013A (decimal 314)
   defining Unicode char U+013D (decimal 317)
   defining Unicode char U+013E (decimal 318)
   defining Unicode char U+0141 (decimal 321)
   defining Unicode char U+0142 (decimal 322)
   defining Unicode char U+0143 (decimal 323)
   defining Unicode char U+0144 (decimal 324)
   defining Unicode char U+0147 (decimal 327)
   defining Unicode char U+0148 (decimal 328)
   defining Unicode char U+014A (decimal 330)
   defining Unicode char U+014B (decimal 331)
   defining Unicode char U+0150 (decimal 336)
   defining Unicode char U+0151 (decimal 337)
   defining Unicode char U+0152 (decimal 338)
   defining Unicode char U+0153 (decimal 339)
   defining Unicode char U+0154 (decimal 340)
   defining Unicode char U+0155 (decimal 341)
   defining Unicode char U+0158 (decimal 344)
   defining Unicode char U+0159 (decimal 345)
   defining Unicode char U+015A (decimal 346)
   defining Unicode char U+015B (decimal 347)
   defining Unicode char U+015E (decimal 350)
   defining Unicode char U+015F (decimal 351)
   defining Unicode char U+0160 (decimal 352)
   defining Unicode char U+0161 (decimal 353)
   defining Unicode char U+0162 (decimal 354)
   defining Unicode char U+0163 (decimal 355)
   defining Unicode char U+0164 (decimal 356)
   defining Unicode char U+0165 (decimal 357)
   defining Unicode char U+016E (decimal 366)
   defining Unicode char U+016F (decimal 367)
   defining Unicode char U+0170 (decimal 368)
   defining Unicode char U+0171 (decimal 369)
   defining Unicode char U+0178 (decimal 376)
   defining Unicode char U+0179 (decimal 377)
   defining Unicode char U+017A (decimal 378)
   defining Unicode char U+017B (decimal 379)
   defining Unicode char U+017C (decimal 380)
   defining Unicode char U+017D (decimal 381)
   defining Unicode char U+017E (decimal 382)
   defining Unicode char U+200C (decimal 8204)
   defining Unicode char U+2013 (decimal 8211)
   defining Unicode char U+2014 (decimal 8212)
   defining Unicode char U+2018 (decimal 8216)
   defining Unicode char U+2019 (decimal 8217)
   defining Unicode char U+201A (decimal 8218)
   defining Unicode char U+201C (decimal 8220)
   defining Unicode char U+201D (decimal 8221)
   defining Unicode char U+201E (decimal 8222)
   defining Unicode char U+2030 (decimal 8240)
   defining Unicode char U+2031 (decimal 8241)
   defining Unicode char U+2039 (decimal 8249)
   defining Unicode char U+203A (decimal 8250)
   defining Unicode char U+2423 (decimal 9251)
)
Now handling font encoding OT1 ...
... processing UTF-8 mapping file for font encoding OT1

(/usr/share/texlive/texmf-dist/tex/latex/base/ot1enc.dfu
File: ot1enc.dfu 2008/04/05 v1.1m UTF-8 support for inputenc
   defining Unicode char U+00A1 (decimal 161)
   defining Unicode char U+00A3 (decimal 163)
   defining Unicode char U+00B8 (decimal 184)
   defining Unicode char U+00BF (decimal 191)
   defining Unicode char U+00C5 (decimal 197)
   defining Unicode char U+00C6 (decimal 198)
   defining Unicode char U+00D8 (decimal 216)
   defining Unicode char U+00DF (decimal 223)
   defining Unicode char U+00E6 (decimal 230)
   defining Unicode char U+00EC (decimal 236)
   defining Unicode char U+00ED (decimal 237)
   defining Unicode char U+00EE (decimal 238)
   defining Unicode char U+00EF (decimal 239)
   defining Unicode char U+00F8 (decimal 248)
   defining Unicode char U+0131 (decimal 305)
   defining Unicode char U+0141 (decimal 321)
   defining Unicode char U+0142 (decimal 322)
   defining Unicode char U+0152 (decimal 338)
   defining Unicode char U+0153 (decimal 339)
   defining Unicode char U+2013 (decimal 8211)
   defining Unicode char U+2014 (decimal 8212)
   defining Unicode char U+2018 (decimal 8216)
   defining Unicode char U+2019 (decimal 8217)
   defining Unicode char U+201C (decimal 8220)
   defining Unicode char U+201D (decimal 8221)
)
Now handling font encoding OMS ...
... processing UTF-8 mapping file for font encoding OMS

(/usr/share/texlive/texmf-dist/tex/latex/base/omsenc.dfu
File: omsenc.dfu 2008/04/05 v1.1m UTF-8 support for inputenc
   defining Unicode char U+00A7 (decimal 167)
   defining Unicode char U+00B6 (decimal 182)
   defining Unicode char U+00B7 (decimal 183)
   defining Unicode char U+2020 (decimal 8224)
   defining Unicode char U+2021 (decimal 8225)
   defining Unicode char U+2022 (decimal 8226)
)
Now handling font encoding OMX ...
... no UTF-8 mapping file for font encoding OMX
Now handling font encoding U ...
... no UTF-8 mapping file for font encoding U
   defining Unicode char U+00A9 (decimal 169)
   defining Unicode char U+00AA (decimal 170)
   defining Unicode char U+00AE (decimal 174)
   defining Unicode char U+00BA (decimal 186)
   defining Unicode char U+02C6 (decimal 710)
   defining Unicode char U+02DC (decimal 732)
   defining Unicode char U+200C (decimal 8204)
   defining Unicode char U+2026 (decimal 8230)
   defining Unicode char U+2122 (decimal 8482)
   defining Unicode char U+2423 (decimal 9251)
))
(/usr/share/texlive/texmf-dist/tex/latex/base/fontenc.sty
Package: fontenc 2005/09/27 v1.99g Standard LaTeX package

(/usr/share/texlive/texmf-dist/tex/latex/base/t1enc.def
File: t1enc.def 2005/09/27 v1.99g Standard LaTeX file
LaTeX Font Info:    Redeclaring font encoding T1 on input line 43.
))
(/usr/share/texmf/tex/latex/AMC/automultiplechoice.sty
Package: automultiplechoice 

(/usr/share/texmf/tex/latex/xcolor/xcolor.sty
Package: xcolor 2007/01/21 v2.11 LaTeX color extensions (UK)

(/usr/share/texlive/texmf-dist/tex/latex/latexconfig/color.cfg
File: color.cfg 2007/01/18 v1.5 color configuration of teTeX/TeXLive
)
Package xcolor Info: Driver file: pdftex.def on input line 225.

(/usr/share/texlive/texmf-dist/tex/latex/pdftex-def/pdftex.def
File: pdftex.def 2011/05/27 v0.06d Graphics/color for pdfTeX

(/usr/share/texlive/texmf-dist/tex/generic/oberdiek/infwarerr.sty
Package: infwarerr 2010/04/08 v1.3 Providing info/warning/error messages (HO)
)
(/usr/share/texlive/texmf-dist/tex/generic/oberdiek/ltxcmds.sty
Package: ltxcmds 2011/11/09 v1.22 LaTeX kernel commands for general use (HO)
)
\Gread@gobject=\count89
)
Package xcolor Info: Model `cmy' substituted by `cmy0' on input line 1337.
Package xcolor Info: Model `hsb' substituted by `rgb' on input line 1341.
Package xcolor Info: Model `RGB' extended on input line 1353.
Package xcolor Info: Model `HTML' substituted by `rgb' on input line 1355.
Package xcolor Info: Model `Hsb' substituted by `hsb' on input line 1356.
Package xcolor Info: Model `tHsb' substituted by `hsb' on input line 1357.
Package xcolor Info: Model `HSB' substituted by `hsb' on input line 1358.
Package xcolor Info: Model `Gray' substituted by `gray' on input line 1359.
Package xcolor Info: Model `wave' substituted by `hsb' on input line 1360.
)
(/usr/share/texlive/texmf-dist/tex/latex/fancyhdr/fancyhdr.sty
\fancy@headwidth=\skip43
\f@ncyO@elh=\skip44
\f@ncyO@erh=\skip45
\f@ncyO@olh=\skip46
\f@ncyO@orh=\skip47
\f@ncyO@elf=\skip48
\f@ncyO@erf=\skip49
\f@ncyO@olf=\skip50
\f@ncyO@orf=\skip51
)
(/usr/share/texlive/texmf-dist/tex/latex/bophook/bophook.sty
Package: bophook 2001/03/29 v0.02 beginning-of-page hook, K. Tinnefeld
)
(/usr/share/texlive/texmf-dist/tex/latex/xkeyval/xkeyval.sty
Package: xkeyval 2012/10/14 v2.6b package option processing (HA)

(/usr/share/texlive/texmf-dist/tex/generic/xkeyval/xkeyval.tex
\XKV@toks=\toks16
\XKV@tempa@toks=\toks17
\XKV@depth=\count90
File: xkeyval.tex 2012/10/14 v2.6b key=value parser (HA)

(/usr/share/texlive/texmf-dist/tex/generic/xkeyval/keyval.tex)))
(/usr/share/texlive/texmf-dist/tex/latex/rotating/rotating.sty
Package: rotating 2009/03/28 v2.16a rotated objects in LaTeX

(/usr/share/texlive/texmf-dist/tex/latex/graphics/graphicx.sty
Package: graphicx 1999/02/16 v1.0f Enhanced LaTeX Graphics (DPC,SPQR)

(/usr/share/texlive/texmf-dist/tex/latex/graphics/graphics.sty
Package: graphics 2009/02/05 v1.0o Standard LaTeX Graphics (DPC,SPQR)

(/usr/share/texlive/texmf-dist/tex/latex/graphics/trig.sty
Package: trig 1999/03/16 v1.09 sin cos tan (DPC)
)
(/usr/share/texlive/texmf-dist/tex/latex/latexconfig/graphics.cfg
File: graphics.cfg 2010/04/23 v1.9 graphics configuration of TeX Live
)
Package graphics Info: Driver file: pdftex.def on input line 91.
)
\Gin@req@height=\dimen103
\Gin@req@width=\dimen104
)
(/usr/share/texlive/texmf-dist/tex/latex/base/ifthen.sty
Package: ifthen 2001/05/26 v1.1c Standard LaTeX ifthen package (DPC)
)
\c@r@tfl@t=\count91
\rotFPtop=\skip52
\rotFPbot=\skip53
\rot@float@box=\box26
\rot@mess@toks=\toks18
)
(/usr/share/texlive/texmf-dist/tex/latex/fancybox/fancybox.sty
Package: fancybox 2010/05/15 1.4

Style option: `fancybox' v1.4 <2010/05/15> (tvz)
\@fancybox=\box27
\shadowsize=\dimen105
\@Sbox=\box28
\do@VerbBox=\toks19
\the@fancyput=\toks20
\this@fancyput=\toks21
\EndVerbatimTokens=\toks22
\Verbatim@Outfile=\write3
\Verbatim@Infile=\read1
)
\AMC@logfile=\write4
\openout4 = `source.amc'.

\AMCload@counter=\count92
\AMCid@quest=\count93
\AMCid@check=\count94
\AMCid@etud=\count95
\AMCid@etudstart=\count96
\AMCid@etudfin=\count97
\AMCnum@copies=\count98
\AMCformVSpace=\dimen106
\AMCformHSpace=\dimen107
\AMCinterIrep=\dimen108
\AMCinterBrep=\dimen109
\AMCinterIquest=\dimen110
\AMCinterBquest=\dimen111
\AMCids@width=\dimen112
\AMCids@height=\dimen113
\AMC@SR=\count99
\AMC@SR@count=\count100
\AMC@SRnum=\count101
\AMC@sti=\count102
\AMC@stil=\count103
\AMCsw@p@=\toks23
\AMC@numerotation=\count104
\AMC@XYspecial=\write5
\AMC@tmpXY=\write6
\AMC@ovalbox@R=\box29
\AMC@ovalbox@RF=\box30
\AMC@ovalbox@=\box31
\AMC@ovalbox@F=\box32
\c@AMC@ncase=\count105
\AMC@boxedrule=\skip54
\AMC@boxeddown=\skip55
\AMC@boxedwidth=\skip56
\AMC@boxedheight=\skip57
\AMC@oval@radius=\skip58
\AMC@outside@sep=\skip59
\AMC@CBtaille=\skip60
\AMCbin@sequence=\toks24
\AMCbin@number=\count106
\AMCbin@ndigits=\count107
\AMCbin@id=\count108
\AMCbin@digit=\count109
\AMCtok@k=\count110
\AMCtok@max=\count111
\AMCtok@size=\count112
\AMC@imax=\count113
\AMCtok@ik=\count114
\AMCloop@k=\count115
\AMCrep@count=\count116
\reponse@cxcix=\toks25
\reponse@cxcviii=\toks26
\reponse@cxcvii=\toks27
\reponse@cxcvi=\toks28
\reponse@cxcv=\toks29
\reponse@cxciv=\toks30
\reponse@cxciii=\toks31
\reponse@cxcii=\toks32
\reponse@cxci=\toks33
\reponse@cxc=\toks34
\reponse@clxxxix=\toks35
\reponse@clxxxviii=\toks36
\reponse@clxxxvii=\toks37
\reponse@clxxxvi=\toks38
\reponse@clxxxv=\toks39
\reponse@clxxxiv=\toks40
\reponse@clxxxiii=\toks41
\reponse@clxxxii=\toks42
\reponse@clxxxi=\toks43
\reponse@clxxx=\toks44
\reponse@clxxix=\toks45
\reponse@clxxviii=\toks46
\reponse@clxxvii=\toks47
\reponse@clxxvi=\toks48
\reponse@clxxv=\toks49
\reponse@clxxiv=\toks50
\reponse@clxxiii=\toks51
\reponse@clxxii=\toks52
\reponse@clxxi=\toks53
\reponse@clxx=\toks54
\reponse@clxix=\toks55
\reponse@clxviii=\toks56
\reponse@clxvii=\toks57
\reponse@clxvi=\toks58
\reponse@clxv=\toks59
\reponse@clxiv=\toks60
\reponse@clxiii=\toks61
\reponse@clxii=\toks62
\reponse@clxi=\toks63
\reponse@clx=\toks64
\reponse@clix=\toks65
\reponse@clviii=\toks66
\reponse@clvii=\toks67
\reponse@clvi=\toks68
\reponse@clv=\toks69
\reponse@cliv=\toks70
\reponse@cliii=\toks71
\reponse@clii=\toks72
\reponse@cli=\toks73
\reponse@cl=\toks74
\reponse@cxlix=\toks75
\reponse@cxlviii=\toks76
\reponse@cxlvii=\toks77
\reponse@cxlvi=\toks78
\reponse@cxlv=\toks79
\reponse@cxliv=\toks80
\reponse@cxliii=\toks81
\reponse@cxlii=\toks82
\reponse@cxli=\toks83
\reponse@cxl=\toks84
\reponse@cxxxix=\toks85
\reponse@cxxxviii=\toks86
\reponse@cxxxvii=\toks87
\reponse@cxxxvi=\toks88
\reponse@cxxxv=\toks89
\reponse@cxxxiv=\toks90
\reponse@cxxxiii=\toks91
\reponse@cxxxii=\toks92
\reponse@cxxxi=\toks93
\reponse@cxxx=\toks94
\reponse@cxxix=\toks95
\reponse@cxxviii=\toks96
\reponse@cxxvii=\toks97
\reponse@cxxvi=\toks98
\reponse@cxxv=\toks99
\reponse@cxxiv=\toks100
\reponse@cxxiii=\toks101
\reponse@cxxii=\toks102
\reponse@cxxi=\toks103
\reponse@cxx=\toks104
\reponse@cxix=\toks105
\reponse@cxviii=\toks106
\reponse@cxvii=\toks107
\reponse@cxvi=\toks108
\reponse@cxv=\toks109
\reponse@cxiv=\toks110
\reponse@cxiii=\toks111
\reponse@cxii=\toks112
\reponse@cxi=\toks113
\reponse@cx=\toks114
\reponse@cix=\toks115
\reponse@cviii=\toks116
\reponse@cvii=\toks117
\reponse@cvi=\toks118
\reponse@cv=\toks119
\reponse@civ=\toks120
\reponse@ciii=\toks121
\reponse@cii=\toks122
\reponse@ci=\toks123
\reponse@c=\toks124
\reponse@xcix=\toks125
\reponse@xcviii=\toks126
\reponse@xcvii=\toks127
\reponse@xcvi=\toks128
\reponse@xcv=\toks129
\reponse@xciv=\toks130
\reponse@xciii=\toks131
\reponse@xcii=\toks132
\reponse@xci=\toks133
\reponse@xc=\toks134
\reponse@lxxxix=\toks135
\reponse@lxxxviii=\toks136
\reponse@lxxxvii=\toks137
\reponse@lxxxvi=\toks138
\reponse@lxxxv=\toks139
\reponse@lxxxiv=\toks140
\reponse@lxxxiii=\toks141
\reponse@lxxxii=\toks142
\reponse@lxxxi=\toks143
\reponse@lxxx=\toks144
\reponse@lxxix=\toks145
\reponse@lxxviii=\toks146
\reponse@lxxvii=\toks147
\reponse@lxxvi=\toks148
\reponse@lxxv=\toks149
\reponse@lxxiv=\toks150
\reponse@lxxiii=\toks151
\reponse@lxxii=\toks152
\reponse@lxxi=\toks153
\reponse@lxx=\toks154
\reponse@lxix=\toks155
\reponse@lxviii=\toks156
\reponse@lxvii=\toks157
\reponse@lxvi=\toks158
\reponse@lxv=\toks159
\reponse@lxiv=\toks160
\reponse@lxiii=\toks161
\reponse@lxii=\toks162
\reponse@lxi=\toks163
\reponse@lx=\toks164
\reponse@lix=\toks165
\reponse@lviii=\toks166
\reponse@lvii=\toks167
\reponse@lvi=\toks168
\reponse@lv=\toks169
\reponse@liv=\toks170
\reponse@liii=\toks171
\reponse@lii=\toks172
\reponse@li=\toks173
\reponse@l=\toks174
\reponse@xlix=\toks175
\reponse@xlviii=\toks176
\reponse@xlvii=\toks177
\reponse@xlvi=\toks178
\reponse@xlv=\toks179
\reponse@xliv=\toks180
\reponse@xliii=\toks181
\reponse@xlii=\toks182
\reponse@xli=\toks183
\reponse@xl=\toks184
\reponse@xxxix=\toks185
\reponse@xxxviii=\toks186
\reponse@xxxvii=\toks187
\reponse@xxxvi=\toks188
\reponse@xxxv=\toks189
\reponse@xxxiv=\toks190
\reponse@xxxiii=\toks191
\reponse@xxxii=\toks192
\reponse@xxxi=\toks193
\reponse@xxx=\toks194
\reponse@xxix=\toks195
\reponse@xxviii=\toks196
\reponse@xxvii=\toks197
\reponse@xxvi=\toks198
\reponse@xxv=\toks199
\reponse@xxiv=\toks200
\reponse@xxiii=\toks201
\reponse@xxii=\toks202
\reponse@xxi=\toks203
\reponse@xx=\toks204
\reponse@xix=\toks205
\reponse@xviii=\toks206
\reponse@xvii=\toks207
\reponse@xvi=\toks208
\reponse@xv=\toks209
\reponse@xiv=\toks210
\reponse@xiii=\toks211
\reponse@xii=\toks212
\reponse@xi=\toks213
\reponse@x=\toks214
\reponse@ix=\toks215
\reponse@viii=\toks216
\reponse@vii=\toks217
\reponse@vi=\toks218
\reponse@v=\toks219
\reponse@iv=\toks220
\reponse@iii=\toks221
\reponse@ii=\toks222
\reponse@i=\toks223
\AMCnum@questions=\count117
\AMCrep@@count=\count118
\AMC@mn@test=\skip61
\AMC@mn@sep=\skip62
\AMC@mn@leftmargin=\skip63
\AMC@mn@rightmargin=\skip64
\AMC@sz@width=\skip65
\AMC@sz@height=\skip66
\AMC@sz@depth=\skip67
\AMC@sza@width=\skip68
\AMC@sza@height=\skip69
\AMC@sza@depth=\skip70
\c@AMCquestionaff=\count119
\ouverte@vs=\dimen114
\AMC@chiffres=\count120
\AMCcodeHspace=\dimen115
\AMCcodeVspace=\dimen116
\AMCnumeric@Hspace=\dimen117
\AMCnumeric@Vspace=\dimen118
\AMC@numeric@lastdigit=\count121
\AMC@integer@modulo=\count122
\AMC@numeric@integer=\count123
\AMC@numeric@calcdigit=\count124
\AMC@numeric@digits=\count125
\AMC@numeric@decd=\count126
\AMC@numeric@value=\count127
\AMC@numeric@x=\count128
\AMC@numeric@base=\count129
\AMC@numeric@exact=\count130
\AMC@numeric@approx=\count131
\AMCopen@Hspace=\dimen119
\AMCopen@LineHeight=\dimen120
\AMCopen@Lines=\count132
\AMCopen@boxmargin=\dimen121
\AMCopen@boxframerule=\dimen122
\AMCopen@framerule=\dimen123
 (/usr/share/texlive/texmf-dist/tex/latex/environ/environ.sty
Package: environ 2013/04/01 v0.3 A new environment syntax

(/usr/share/texlive/texmf-dist/tex/latex/trimspaces/trimspaces.sty
Package: trimspaces 2009/09/17 v1.1 Trim spaces around a token list
)
\@envbody=\toks224
)
(/usr/share/texlive/texmf-dist/tex/latex/geometry/geometry.sty
Package: geometry 2010/09/12 v5.6 Page Geometry

(/usr/share/texlive/texmf-dist/tex/generic/oberdiek/ifpdf.sty
Package: ifpdf 2011/01/30 v2.3 Provides the ifpdf switch (HO)
Package ifpdf Info: pdfTeX in PDF mode is detected.
)
(/usr/share/texlive/texmf-dist/tex/generic/oberdiek/ifvtex.sty
Package: ifvtex 2010/03/01 v1.5 Detect VTeX and its facilities (HO)
Package ifvtex Info: VTeX not detected.
)
(/usr/share/texlive/texmf-dist/tex/generic/ifxetex/ifxetex.sty
Package: ifxetex 2010/09/12 v0.6 Provides ifxetex conditional
)
\Gm@cnth=\count133
\Gm@cntv=\count134
\c@Gm@tempcnt=\count135
\Gm@bindingoffset=\dimen124
\Gm@wd@mp=\dimen125
\Gm@odd@mp=\dimen126
\Gm@even@mp=\dimen127
\Gm@layoutwidth=\dimen128
\Gm@layoutheight=\dimen129
\Gm@layouthoffset=\dimen130
\Gm@layoutvoffset=\dimen131
\Gm@dimlist=\toks225
))
(/usr/share/texmf/tex/latex/pgf/frontendlayer/tikz.sty
(/usr/share/texmf/tex/latex/pgf/basiclayer/pgf.sty
(/usr/share/texmf/tex/latex/pgf/utilities/pgfrcs.sty
(/usr/share/texmf/tex/generic/pgf/utilities/pgfutil-common.tex
\pgfutil@everybye=\toks226
)
(/usr/share/texmf/tex/generic/pgf/utilities/pgfutil-latex.def
\pgfutil@abb=\box33

(/usr/share/texlive/texmf-dist/tex/latex/ms/everyshi.sty
Package: everyshi 2001/05/15 v3.00 EveryShipout Package (MS)
))
(/usr/share/texmf/tex/generic/pgf/utilities/pgfrcs.code.tex
Package: pgfrcs 2010/10/25 v2.10 (rcs-revision 1.24)
))
Package: pgf 2008/01/15 v2.10 (rcs-revision 1.12)

(/usr/share/texmf/tex/latex/pgf/basiclayer/pgfcore.sty
(/usr/share/texmf/tex/latex/pgf/systemlayer/pgfsys.sty
(/usr/share/texmf/tex/generic/pgf/systemlayer/pgfsys.code.tex
Package: pgfsys 2010/06/30 v2.10 (rcs-revision 1.37)

(/usr/share/texmf/tex/generic/pgf/utilities/pgfkeys.code.tex
\pgfkeys@pathtoks=\toks227
\pgfkeys@temptoks=\toks228

(/usr/share/texmf/tex/generic/pgf/utilities/pgfkeysfiltered.code.tex
\pgfkeys@tmptoks=\toks229
))
\pgf@x=\dimen132
\pgf@y=\dimen133
\pgf@xa=\dimen134
\pgf@ya=\dimen135
\pgf@xb=\dimen136
\pgf@yb=\dimen137
\pgf@xc=\dimen138
\pgf@yc=\dimen139
\w@pgf@writea=\write7
\r@pgf@reada=\read2
\c@pgf@counta=\count136
\c@pgf@countb=\count137
\c@pgf@countc=\count138
\c@pgf@countd=\count139

(/usr/share/texmf/tex/generic/pgf/systemlayer/pgf.cfg
File: pgf.cfg 2008/05/14  (rcs-revision 1.7)
)
Package pgfsys Info: Driver file for pgf: pgfsys-pdftex.def on input line 900.

(/usr/share/texmf/tex/generic/pgf/systemlayer/pgfsys-pdftex.def
File: pgfsys-pdftex.def 2009/05/22  (rcs-revision 1.26)

(/usr/share/texmf/tex/generic/pgf/systemlayer/pgfsys-common-pdf.def
File: pgfsys-common-pdf.def 2008/05/19  (rcs-revision 1.10)
)))
(/usr/share/texmf/tex/generic/pgf/systemlayer/pgfsyssoftpath.code.tex
File: pgfsyssoftpath.code.tex 2008/07/18  (rcs-revision 1.7)
\pgfsyssoftpath@smallbuffer@items=\count140
\pgfsyssoftpath@bigbuffer@items=\count141
)
(/usr/share/texmf/tex/generic/pgf/systemlayer/pgfsysprotocol.code.tex
File: pgfsysprotocol.code.tex 2006/10/16  (rcs-revision 1.4)
))
(/usr/share/texmf/tex/generic/pgf/basiclayer/pgfcore.code.tex
Package: pgfcore 2010/04/11 v2.10 (rcs-revision 1.7)

(/usr/share/texmf/tex/generic/pgf/math/pgfmath.code.tex
(/usr/share/texmf/tex/generic/pgf/math/pgfmathcalc.code.tex
(/usr/share/texmf/tex/generic/pgf/math/pgfmathutil.code.tex)
(/usr/share/texmf/tex/generic/pgf/math/pgfmathparser.code.tex
\pgfmath@dimen=\dimen140
\pgfmath@count=\count142
\pgfmath@box=\box34
\pgfmath@toks=\toks230
\pgfmath@stack@operand=\toks231
\pgfmath@stack@operation=\toks232
)
(/usr/share/texmf/tex/generic/pgf/math/pgfmathfunctions.code.tex
(/usr/share/texmf/tex/generic/pgf/math/pgfmathfunctions.basic.code.tex)
(/usr/share/texmf/tex/generic/pgf/math/pgfmathfunctions.trigonometric.code.tex)
(/usr/share/texmf/tex/generic/pgf/math/pgfmathfunctions.random.code.tex)
(/usr/share/texmf/tex/generic/pgf/math/pgfmathfunctions.comparison.code.tex)
(/usr/share/texmf/tex/generic/pgf/math/pgfmathfunctions.base.code.tex)
(/usr/share/texmf/tex/generic/pgf/math/pgfmathfunctions.round.code.tex)
(/usr/share/texmf/tex/generic/pgf/math/pgfmathfunctions.misc.code.tex)))
(/usr/share/texmf/tex/generic/pgf/math/pgfmathfloat.code.tex
\c@pgfmathroundto@lastzeros=\count143
))
(/usr/share/texmf/tex/generic/pgf/basiclayer/pgfcorepoints.code.tex
File: pgfcorepoints.code.tex 2010/04/09  (rcs-revision 1.20)
\pgf@picminx=\dimen141
\pgf@picmaxx=\dimen142
\pgf@picminy=\dimen143
\pgf@picmaxy=\dimen144
\pgf@pathminx=\dimen145
\pgf@pathmaxx=\dimen146
\pgf@pathminy=\dimen147
\pgf@pathmaxy=\dimen148
\pgf@xx=\dimen149
\pgf@xy=\dimen150
\pgf@yx=\dimen151
\pgf@yy=\dimen152
\pgf@zx=\dimen153
\pgf@zy=\dimen154
)
(/usr/share/texmf/tex/generic/pgf/basiclayer/pgfcorepathconstruct.code.tex
File: pgfcorepathconstruct.code.tex 2010/08/03  (rcs-revision 1.24)
\pgf@path@lastx=\dimen155
\pgf@path@lasty=\dimen156
)
(/usr/share/texmf/tex/generic/pgf/basiclayer/pgfcorepathusage.code.tex
File: pgfcorepathusage.code.tex 2008/04/22  (rcs-revision 1.12)
\pgf@shorten@end@additional=\dimen157
\pgf@shorten@start@additional=\dimen158
)
(/usr/share/texmf/tex/generic/pgf/basiclayer/pgfcorescopes.code.tex
File: pgfcorescopes.code.tex 2010/09/08  (rcs-revision 1.34)
\pgfpic=\box35
\pgf@hbox=\box36
\pgf@layerbox@main=\box37
\pgf@picture@serial@count=\count144
)
(/usr/share/texmf/tex/generic/pgf/basiclayer/pgfcoregraphicstate.code.tex
File: pgfcoregraphicstate.code.tex 2008/04/22  (rcs-revision 1.9)
\pgflinewidth=\dimen159
)
(/usr/share/texmf/tex/generic/pgf/basiclayer/pgfcoretransformations.code.tex
File: pgfcoretransformations.code.tex 2009/06/10  (rcs-revision 1.11)
\pgf@pt@x=\dimen160
\pgf@pt@y=\dimen161
\pgf@pt@temp=\dimen162
)
(/usr/share/texmf/tex/generic/pgf/basiclayer/pgfcorequick.code.tex
File: pgfcorequick.code.tex 2008/10/09  (rcs-revision 1.3)
)
(/usr/share/texmf/tex/generic/pgf/basiclayer/pgfcoreobjects.code.tex
File: pgfcoreobjects.code.tex 2006/10/11  (rcs-revision 1.2)
)
(/usr/share/texmf/tex/generic/pgf/basiclayer/pgfcorepathprocessing.code.tex
File: pgfcorepathprocessing.code.tex 2008/10/09  (rcs-revision 1.8)
)
(/usr/share/texmf/tex/generic/pgf/basiclayer/pgfcorearrows.code.tex
File: pgfcorearrows.code.tex 2008/04/23  (rcs-revision 1.11)
)
(/usr/share/texmf/tex/generic/pgf/basiclayer/pgfcoreshade.code.tex
File: pgfcoreshade.code.tex 2008/11/23  (rcs-revision 1.13)
\pgf@max=\dimen163
\pgf@sys@shading@range@num=\count145
)
(/usr/share/texmf/tex/generic/pgf/basiclayer/pgfcoreimage.code.tex
File: pgfcoreimage.code.tex 2010/03/25  (rcs-revision 1.16)

(/usr/share/texmf/tex/generic/pgf/basiclayer/pgfcoreexternal.code.tex
File: pgfcoreexternal.code.tex 2010/09/01  (rcs-revision 1.17)
\pgfexternal@startupbox=\box38
))
(/usr/share/texmf/tex/generic/pgf/basiclayer/pgfcorelayers.code.tex
File: pgfcorelayers.code.tex 2010/08/27  (rcs-revision 1.2)
)
(/usr/share/texmf/tex/generic/pgf/basiclayer/pgfcoretransparency.code.tex
File: pgfcoretransparency.code.tex 2008/01/17  (rcs-revision 1.2)
)
(/usr/share/texmf/tex/generic/pgf/basiclayer/pgfcorepatterns.code.tex
File: pgfcorepatterns.code.tex 2009/07/02  (rcs-revision 1.3)
)))
(/usr/share/texmf/tex/generic/pgf/modules/pgfmoduleshapes.code.tex
File: pgfmoduleshapes.code.tex 2010/09/09  (rcs-revision 1.13)
\pgfnodeparttextbox=\box39
)
(/usr/share/texmf/tex/generic/pgf/modules/pgfmoduleplot.code.tex
File: pgfmoduleplot.code.tex 2010/10/22  (rcs-revision 1.8)
)
(/usr/share/texmf/tex/latex/pgf/compatibility/pgfcomp-version-0-65.sty
Package: pgfcomp-version-0-65 2007/07/03 v2.10 (rcs-revision 1.7)
\pgf@nodesepstart=\dimen164
\pgf@nodesepend=\dimen165
)
(/usr/share/texmf/tex/latex/pgf/compatibility/pgfcomp-version-1-18.sty
Package: pgfcomp-version-1-18 2007/07/23 v2.10 (rcs-revision 1.1)
))
(/usr/share/texmf/tex/latex/pgf/utilities/pgffor.sty
(/usr/share/texmf/tex/latex/pgf/utilities/pgfkeys.sty
(/usr/share/texmf/tex/generic/pgf/utilities/pgfkeys.code.tex))
(/usr/share/texmf/tex/generic/pgf/utilities/pgffor.code.tex
Package: pgffor 2010/03/23 v2.10 (rcs-revision 1.18)
\pgffor@iter=\dimen166
\pgffor@skip=\dimen167
\pgffor@stack=\toks233
\pgffor@toks=\toks234
))
(/usr/share/texmf/tex/generic/pgf/frontendlayer/tikz/tikz.code.tex
Package: tikz 2010/10/13 v2.10 (rcs-revision 1.76)

(/usr/share/texmf/tex/generic/pgf/libraries/pgflibraryplothandlers.code.tex
File: pgflibraryplothandlers.code.tex 2010/05/31 v2.10 (rcs-revision 1.15)
\pgf@plot@mark@count=\count146
\pgfplotmarksize=\dimen168
)
\tikz@lastx=\dimen169
\tikz@lasty=\dimen170
\tikz@lastxsaved=\dimen171
\tikz@lastysaved=\dimen172
\tikzleveldistance=\dimen173
\tikzsiblingdistance=\dimen174
\tikz@figbox=\box40
\tikz@tempbox=\box41
\tikztreelevel=\count147
\tikznumberofchildren=\count148
\tikznumberofcurrentchild=\count149
\tikz@fig@count=\count150

(/usr/share/texmf/tex/generic/pgf/modules/pgfmodulematrix.code.tex
File: pgfmodulematrix.code.tex 2010/08/24  (rcs-revision 1.4)
\pgfmatrixcurrentrow=\count151
\pgfmatrixcurrentcolumn=\count152
\pgf@matrix@numberofcolumns=\count153
)
\tikz@expandcount=\count154

(/usr/share/texmf/tex/generic/pgf/frontendlayer/tikz/libraries/tikzlibrarytopat
hs.code.tex
File: tikzlibrarytopaths.code.tex 2008/06/17 v2.10 (rcs-revision 1.2)
))) (/home/hom/fthv/hi/toyexam/trunk/40_exam/builds/packages.tex
(/usr/share/texlive/texmf-dist/tex/latex/amsfonts/amssymb.sty
Package: amssymb 2013/01/14 v3.01 AMS font symbols

(/usr/share/texlive/texmf-dist/tex/latex/amsfonts/amsfonts.sty
Package: amsfonts 2013/01/14 v3.01 Basic AMSFonts support
\@emptytoks=\toks235
\symAMSa=\mathgroup4
\symAMSb=\mathgroup5
LaTeX Font Info:    Overwriting math alphabet `\mathfrak' in version `bold'
(Font)                  U/euf/m/n --> U/euf/b/n on input line 106.
))
(/usr/share/texlive/texmf-dist/tex/latex/wrapfig/wrapfig.sty
\wrapoverhang=\dimen175
\WF@size=\dimen176
\c@WF@wrappedlines=\count155
\WF@box=\box42
\WF@everypar=\toks236
Package: wrapfig 2003/01/31  v 3.6
)
(/usr/share/texlive/texmf-dist/tex/latex/listings/listings.sty
\lst@mode=\count156
\lst@gtempboxa=\box43
\lst@token=\toks237
\lst@length=\count157
\lst@currlwidth=\dimen177
\lst@column=\count158
\lst@pos=\count159
\lst@lostspace=\dimen178
\lst@width=\dimen179
\lst@newlines=\count160
\lst@lineno=\count161
\lst@maxwidth=\dimen180

(/usr/share/texlive/texmf-dist/tex/latex/listings/lstmisc.sty
File: lstmisc.sty 2013/08/26 1.5b (Carsten Heinz)
\c@lstnumber=\count162
\lst@skipnumbers=\count163
\lst@framebox=\box44
)
(/usr/share/texlive/texmf-dist/tex/latex/listings/listings.cfg
File: listings.cfg 2013/08/26 1.5b listings configuration
))
Package: listings 2013/08/26 1.5b (Carsten Heinz)

(/usr/share/texlive/texmf-dist/tex/latex/fp/fp.sty
Package: fp 1995/04/02

`Fixed Point Package', Version 0.8, April 2, 1995 (C) Michael Mehlich
(/usr/share/texlive/texmf-dist/tex/latex/fp/defpattern.sty
Package: defpattern 1994/10/12
\actioncount=\count164
)
(/usr/share/texlive/texmf-dist/tex/latex/fp/fp-basic.sty
Package: fp-basic 1996/05/13
\FP@xs=\count165
\FP@xia=\count166
\FP@xib=\count167
\FP@xfa=\count168
\FP@xfb=\count169
\FP@rega=\count170
\FP@regb=\count171
\FP@regs=\count172
\FP@times=\count173
)
(/usr/share/texlive/texmf-dist/tex/latex/fp/fp-addons.sty
Package: fp-addons 1995/03/15
)
(/usr/share/texlive/texmf-dist/tex/latex/fp/fp-snap.sty
Package: fp-snap 1995/04/05
)
(/usr/share/texlive/texmf-dist/tex/latex/fp/fp-exp.sty
Package: fp-exp 1995/04/03
)
(/usr/share/texlive/texmf-dist/tex/latex/fp/fp-trigo.sty
Package: fp-trigo 1995/04/14
)
(/usr/share/texlive/texmf-dist/tex/latex/fp/fp-pas.sty
Package: fp-pas 1994/08/29
)
(/usr/share/texlive/texmf-dist/tex/latex/fp/fp-random.sty
Package: fp-random 1995/02/23
\FPseed=\count174
)
(/usr/share/texlive/texmf-dist/tex/latex/fp/fp-eqn.sty
Package: fp-eqn 1995/04/03
)
(/usr/share/texlive/texmf-dist/tex/latex/fp/fp-upn.sty
Package: fp-upn 1996/10/21
)
(/usr/share/texlive/texmf-dist/tex/latex/fp/fp-eval.sty
Package: fp-eval 1995/04/03
))
(/usr/share/texlive/texmf-dist/tex/latex/psnfss/times.sty
Package: times 2005/04/12 PSNFSS-v9.2a (SPQR) 
)
(/usr/share/texlive/texmf-dist/tex/latex/base/textcomp.sty
Package: textcomp 2005/09/27 v1.99g Standard LaTeX package
Package textcomp Info: Sub-encoding information:
(textcomp)               5 = only ISO-Adobe without \textcurrency
(textcomp)               4 = 5 + \texteuro
(textcomp)               3 = 4 + \textohm
(textcomp)               2 = 3 + \textestimated + \textcurrency
(textcomp)               1 = TS1 - \textcircled - \t
(textcomp)               0 = TS1 (full)
(textcomp)             Font families with sub-encoding setting implement
(textcomp)             only a restricted character set as indicated.
(textcomp)             Family '?' is the default used for unknown fonts.
(textcomp)             See the documentation for details.
Package textcomp Info: Setting ? sub-encoding to TS1/1 on input line 71.

(/usr/share/texlive/texmf-dist/tex/latex/base/ts1enc.def
File: ts1enc.def 2001/06/05 v3.0e (jk/car/fm) Standard LaTeX file
Now handling font encoding TS1 ...
... processing UTF-8 mapping file for font encoding TS1

(/usr/share/texlive/texmf-dist/tex/latex/base/ts1enc.dfu
File: ts1enc.dfu 2008/04/05 v1.1m UTF-8 support for inputenc
   defining Unicode char U+00A2 (decimal 162)
   defining Unicode char U+00A3 (decimal 163)
   defining Unicode char U+00A4 (decimal 164)
   defining Unicode char U+00A5 (decimal 165)
   defining Unicode char U+00A6 (decimal 166)
   defining Unicode char U+00A7 (decimal 167)
   defining Unicode char U+00A8 (decimal 168)
   defining Unicode char U+00A9 (decimal 169)
   defining Unicode char U+00AA (decimal 170)
   defining Unicode char U+00AC (decimal 172)
   defining Unicode char U+00AE (decimal 174)
   defining Unicode char U+00AF (decimal 175)
   defining Unicode char U+00B0 (decimal 176)
   defining Unicode char U+00B1 (decimal 177)
   defining Unicode char U+00B2 (decimal 178)
   defining Unicode char U+00B3 (decimal 179)
   defining Unicode char U+00B4 (decimal 180)
   defining Unicode char U+00B5 (decimal 181)
   defining Unicode char U+00B6 (decimal 182)
   defining Unicode char U+00B7 (decimal 183)
   defining Unicode char U+00B9 (decimal 185)
   defining Unicode char U+00BA (decimal 186)
   defining Unicode char U+00BC (decimal 188)
   defining Unicode char U+00BD (decimal 189)
   defining Unicode char U+00BE (decimal 190)
   defining Unicode char U+00D7 (decimal 215)
   defining Unicode char U+00F7 (decimal 247)
   defining Unicode char U+0192 (decimal 402)
   defining Unicode char U+02C7 (decimal 711)
   defining Unicode char U+02D8 (decimal 728)
   defining Unicode char U+02DD (decimal 733)
   defining Unicode char U+0E3F (decimal 3647)
   defining Unicode char U+2016 (decimal 8214)
   defining Unicode char U+2020 (decimal 8224)
   defining Unicode char U+2021 (decimal 8225)
   defining Unicode char U+2022 (decimal 8226)
   defining Unicode char U+2030 (decimal 8240)
   defining Unicode char U+2031 (decimal 8241)
   defining Unicode char U+203B (decimal 8251)
   defining Unicode char U+203D (decimal 8253)
   defining Unicode char U+2044 (decimal 8260)
   defining Unicode char U+204E (decimal 8270)
   defining Unicode char U+2052 (decimal 8274)
   defining Unicode char U+20A1 (decimal 8353)
   defining Unicode char U+20A4 (decimal 8356)
   defining Unicode char U+20A6 (decimal 8358)
   defining Unicode char U+20A9 (decimal 8361)
   defining Unicode char U+20AB (decimal 8363)
   defining Unicode char U+20AC (decimal 8364)
   defining Unicode char U+20B1 (decimal 8369)
   defining Unicode char U+2103 (decimal 8451)
   defining Unicode char U+2116 (decimal 8470)
   defining Unicode char U+2117 (decimal 8471)
   defining Unicode char U+211E (decimal 8478)
   defining Unicode char U+2120 (decimal 8480)
   defining Unicode char U+2122 (decimal 8482)
   defining Unicode char U+2126 (decimal 8486)
   defining Unicode char U+2127 (decimal 8487)
   defining Unicode char U+212E (decimal 8494)
   defining Unicode char U+2190 (decimal 8592)
   defining Unicode char U+2191 (decimal 8593)
   defining Unicode char U+2192 (decimal 8594)
   defining Unicode char U+2193 (decimal 8595)
   defining Unicode char U+2329 (decimal 9001)
   defining Unicode char U+232A (decimal 9002)
   defining Unicode char U+2422 (decimal 9250)
   defining Unicode char U+25E6 (decimal 9702)
   defining Unicode char U+25EF (decimal 9711)
   defining Unicode char U+266A (decimal 9834)
))
LaTeX Info: Redefining \oldstylenums on input line 266.
Package textcomp Info: Setting cmr sub-encoding to TS1/0 on input line 281.
Package textcomp Info: Setting cmss sub-encoding to TS1/0 on input line 282.
Package textcomp Info: Setting cmtt sub-encoding to TS1/0 on input line 283.
Package textcomp Info: Setting cmvtt sub-encoding to TS1/0 on input line 284.
Package textcomp Info: Setting cmbr sub-encoding to TS1/0 on input line 285.
Package textcomp Info: Setting cmtl sub-encoding to TS1/0 on input line 286.
Package textcomp Info: Setting ccr sub-encoding to TS1/0 on input line 287.
Package textcomp Info: Setting ptm sub-encoding to TS1/4 on input line 288.
Package textcomp Info: Setting pcr sub-encoding to TS1/4 on input line 289.
Package textcomp Info: Setting phv sub-encoding to TS1/4 on input line 290.
Package textcomp Info: Setting ppl sub-encoding to TS1/3 on input line 291.
Package textcomp Info: Setting pag sub-encoding to TS1/4 on input line 292.
Package textcomp Info: Setting pbk sub-encoding to TS1/4 on input line 293.
Package textcomp Info: Setting pnc sub-encoding to TS1/4 on input line 294.
Package textcomp Info: Setting pzc sub-encoding to TS1/4 on input line 295.
Package textcomp Info: Setting bch sub-encoding to TS1/4 on input line 296.
Package textcomp Info: Setting put sub-encoding to TS1/5 on input line 297.
Package textcomp Info: Setting uag sub-encoding to TS1/5 on input line 298.
Package textcomp Info: Setting ugq sub-encoding to TS1/5 on input line 299.
Package textcomp Info: Setting ul8 sub-encoding to TS1/4 on input line 300.
Package textcomp Info: Setting ul9 sub-encoding to TS1/4 on input line 301.
Package textcomp Info: Setting augie sub-encoding to TS1/5 on input line 302.
Package textcomp Info: Setting dayrom sub-encoding to TS1/3 on input line 303.
Package textcomp Info: Setting dayroms sub-encoding to TS1/3 on input line 304.

Package textcomp Info: Setting pxr sub-encoding to TS1/0 on input line 305.
Package textcomp Info: Setting pxss sub-encoding to TS1/0 on input line 306.
Package textcomp Info: Setting pxtt sub-encoding to TS1/0 on input line 307.
Package textcomp Info: Setting txr sub-encoding to TS1/0 on input line 308.
Package textcomp Info: Setting txss sub-encoding to TS1/0 on input line 309.
Package textcomp Info: Setting txtt sub-encoding to TS1/0 on input line 310.
Package textcomp Info: Setting lmr sub-encoding to TS1/0 on input line 311.
Package textcomp Info: Setting lmdh sub-encoding to TS1/0 on input line 312.
Package textcomp Info: Setting lmss sub-encoding to TS1/0 on input line 313.
Package textcomp Info: Setting lmssq sub-encoding to TS1/0 on input line 314.
Package textcomp Info: Setting lmvtt sub-encoding to TS1/0 on input line 315.
Package textcomp Info: Setting qhv sub-encoding to TS1/0 on input line 316.
Package textcomp Info: Setting qag sub-encoding to TS1/0 on input line 317.
Package textcomp Info: Setting qbk sub-encoding to TS1/0 on input line 318.
Package textcomp Info: Setting qcr sub-encoding to TS1/0 on input line 319.
Package textcomp Info: Setting qcs sub-encoding to TS1/0 on input line 320.
Package textcomp Info: Setting qpl sub-encoding to TS1/0 on input line 321.
Package textcomp Info: Setting qtm sub-encoding to TS1/0 on input line 322.
Package textcomp Info: Setting qzc sub-encoding to TS1/0 on input line 323.
Package textcomp Info: Setting qhvc sub-encoding to TS1/0 on input line 324.
Package textcomp Info: Setting futs sub-encoding to TS1/4 on input line 325.
Package textcomp Info: Setting futx sub-encoding to TS1/4 on input line 326.
Package textcomp Info: Setting futj sub-encoding to TS1/4 on input line 327.
Package textcomp Info: Setting hlh sub-encoding to TS1/3 on input line 328.
Package textcomp Info: Setting hls sub-encoding to TS1/3 on input line 329.
Package textcomp Info: Setting hlst sub-encoding to TS1/3 on input line 330.
Package textcomp Info: Setting hlct sub-encoding to TS1/5 on input line 331.
Package textcomp Info: Setting hlx sub-encoding to TS1/5 on input line 332.
Package textcomp Info: Setting hlce sub-encoding to TS1/5 on input line 333.
Package textcomp Info: Setting hlcn sub-encoding to TS1/5 on input line 334.
Package textcomp Info: Setting hlcw sub-encoding to TS1/5 on input line 335.
Package textcomp Info: Setting hlcf sub-encoding to TS1/5 on input line 336.
Package textcomp Info: Setting pplx sub-encoding to TS1/3 on input line 337.
Package textcomp Info: Setting pplj sub-encoding to TS1/3 on input line 338.
Package textcomp Info: Setting ptmx sub-encoding to TS1/4 on input line 339.
Package textcomp Info: Setting ptmj sub-encoding to TS1/4 on input line 340.
)
(/usr/share/texlive/texmf-dist/tex/latex/caption/caption.sty
Package: caption 2013/05/02 v3.3-89 Customizing captions (AR)

(/usr/share/texlive/texmf-dist/tex/latex/caption/caption3.sty
Package: caption3 2013/05/02 v1.6-88 caption3 kernel (AR)
Package caption3 Info: TeX engine: e-TeX on input line 57.
\captionmargin=\dimen181
\captionmargin@=\dimen182
\captionwidth=\dimen183
\caption@tempdima=\dimen184
\caption@indent=\dimen185
\caption@parindent=\dimen186
\caption@hangindent=\dimen187
)
\c@ContinuedFloat=\count175
Package caption Info: listings package is loaded.
Package caption Info: rotating package is loaded.
Package caption Info: wrapfig package is loaded.
)
(/usr/share/texlive/texmf-dist/tex/latex/listings/lstlang1.sty
File: lstlang1.sty 2013/08/26 1.5b listings language file
))
(/home/hom/fthv/hi/toyexam/trunk/40_exam/builds/macros.tex)
(/home/hom/fthv/hi/toyexam/trunk/40_exam/builds/defaults.tex))
(/home/hom/texmf/tex/latex/fontexam/processExamsWithCsv.tex
(/usr/share/texlive/texmf-dist/tex/generic/babel/babel.sty
Package: babel 2013/12/03 3.9h The Babel package

(/usr/share/texlive/texmf-dist/tex/generic/babel-english/english.ldf
Language: english 2012/08/20 v3.3p English support from the babel system

(/usr/share/texlive/texmf-dist/tex/generic/babel/babel.def
File: babel.def 2013/12/03 3.9h Babel common definitions
\babel@savecnt=\count176
\U@D=\dimen188
)
\l@canadian = a dialect from \language\l@american 
\l@australian = a dialect from \language\l@british 
\l@newzealand = a dialect from \language\l@british 
)
(/usr/share/texlive/texmf-dist/tex/generic/babel-dutch/dutch.ldf
Language: dutch 2005/03/30 v3.8i Dutch support from the babel system
Package babel Info: Making " an active character on input line 132.
)
(/usr/share/texlive/texmf-dist/tex/generic/babel-german/germanb.ldf
Language: germanb 2013/12/13 v2.7 German support for babel (traditional orthogr
aphy)
\l@austrian = a dialect from \language\l@german 
))
(/usr/share/texlive/texmf-dist/tex/latex/csvsimple/csvsimple.sty
Package: csvsimple 2013/09/25 version 1.07 LaTeX CSV file processing
\csv@file=\read3
\c@csvinputline=\count177
\c@csvrow=\count178
\c@csvcol=\count179
)
(/home/hom/texmf/tex/latex/fontexam/setlang.sty)
(/home/hom/texmf/tex/latex/fontexam/onecolumnform.tex)
(/home/hom/texmf/tex/latex/fontexam/shortopen.tex)
(/home/hom/texmf/tex/latex/fontexam/coverpagecsv.tex
(/usr/share/texlive/texmf-dist/tex/latex/psnfss/pifont.sty
Package: pifont 2005/04/12 PSNFSS-v9.2a Pi font support (SPQR) 
LaTeX Font Info:    Try loading font information for U+pzd on input line 63.

(/usr/share/texlive/texmf-dist/tex/latex/psnfss/upzd.fd
File: upzd.fd 2001/06/04 font definitions for U/pzd.
)
LaTeX Font Info:    Try loading font information for U+psy on input line 64.

(/usr/share/texlive/texmf-dist/tex/latex/psnfss/upsy.fd
File: upsy.fd 2001/06/04 font definitions for U/psy.
))
(/usr/share/texlive/texmf-dist/tex/latex/tools/multicol.sty
Package: multicol 2011/06/27 v1.7a multicolumn formatting (FMi)
\c@tracingmulticols=\count180
\mult@box=\box45
\multicol@leftmargin=\dimen189
\c@unbalance=\count181
\c@collectmore=\count182
\doublecol@number=\count183
\multicoltolerance=\count184
\multicolpretolerance=\count185
\full@width=\dimen190
\page@free=\dimen191
\premulticols=\dimen192
\postmulticols=\dimen193
\multicolsep=\skip71
\multicolbaselineskip=\skip72
\partial@page=\box46
\last@line=\box47
\mult@rightbox=\box48
\mult@grightbox=\box49
\mult@gfirstbox=\box50
\mult@firstbox=\box51
\@tempa=\box52
\@tempa=\box53
\@tempa=\box54
\@tempa=\box55
\@tempa=\box56
\@tempa=\box57
\@tempa=\box58
\@tempa=\box59
\@tempa=\box60
\@tempa=\box61
\@tempa=\box62
\@tempa=\box63
\@tempa=\box64
\@tempa=\box65
\@tempa=\box66
\@tempa=\box67
\@tempa=\box68
\c@columnbadness=\count186
\c@finalcolumnbadness=\count187
\last@try=\dimen194
\multicolovershoot=\dimen195
\multicolundershoot=\dimen196
\mult@nat@firstbox=\box69
\colbreak@box=\box70
\multicol@sort@counter=\count188
)
\frontpageboxwidth=\skip73
) (./source.aux)
\openout1 = `source.aux'.

LaTeX Font Info:    Checking defaults for OML/cmm/m/it on input line 23.
LaTeX Font Info:    ... okay on input line 23.
LaTeX Font Info:    Checking defaults for T1/cmr/m/n on input line 23.
LaTeX Font Info:    ... okay on input line 23.
LaTeX Font Info:    Checking defaults for OT1/cmr/m/n on input line 23.
LaTeX Font Info:    ... okay on input line 23.
LaTeX Font Info:    Checking defaults for OMS/cmsy/m/n on input line 23.
LaTeX Font Info:    ... okay on input line 23.
LaTeX Font Info:    Checking defaults for OMX/cmex/m/n on input line 23.
LaTeX Font Info:    ... okay on input line 23.
LaTeX Font Info:    Checking defaults for U/cmr/m/n on input line 23.
LaTeX Font Info:    ... okay on input line 23.
LaTeX Font Info:    Checking defaults for TS1/cmr/m/n on input line 23.
LaTeX Font Info:    Try loading font information for TS1+cmr on input line 23.

(/usr/share/texlive/texmf-dist/tex/latex/base/ts1cmr.fd
File: ts1cmr.fd 1999/05/25 v2.5h Standard LaTeX font definitions
)
LaTeX Font Info:    ... okay on input line 23.
LaTeX Font Info:    Try loading font information for T1+ptm on input line 23.

(/usr/share/texlive/texmf-dist/tex/latex/psnfss/t1ptm.fd
File: t1ptm.fd 2001/06/04 font definitions for T1/ptm.
)
(/usr/share/texlive/texmf-dist/tex/context/base/supp-pdf.mkii
[Loading MPS to PDF converter (version 2006.09.02).]
\scratchcounter=\count189
\scratchdimen=\dimen197
\scratchbox=\box71
\nofMPsegments=\count190
\nofMParguments=\count191
\everyMPshowfont=\toks238
\MPscratchCnt=\count192
\MPscratchDim=\dimen198
\MPnumerator=\count193
\makeMPintoPDFobject=\count194
\everyMPtoPDFconversion=\toks239
) (/usr/share/texlive/texmf-dist/tex/generic/oberdiek/pdftexcmds.sty
Package: pdftexcmds 2011/11/29 v0.20 Utility functions of pdfTeX for LuaTeX (HO
)

(/usr/share/texlive/texmf-dist/tex/generic/oberdiek/ifluatex.sty
Package: ifluatex 2010/03/01 v1.3 Provides the ifluatex switch (HO)
Package ifluatex Info: LuaTeX not detected.
)
Package pdftexcmds Info: LuaTeX not detected.
Package pdftexcmds Info: \pdf@primitive is available.
Package pdftexcmds Info: \pdf@ifprimitive is available.
Package pdftexcmds Info: \pdfdraftmode found.
)
(/usr/share/texlive/texmf-dist/tex/latex/oberdiek/epstopdf-base.sty
Package: epstopdf-base 2010/02/09 v2.5 Base part for package epstopdf

(/usr/share/texlive/texmf-dist/tex/latex/oberdiek/grfext.sty
Package: grfext 2010/08/19 v1.1 Manage graphics extensions (HO)

(/usr/share/texlive/texmf-dist/tex/generic/oberdiek/kvdefinekeys.sty
Package: kvdefinekeys 2011/04/07 v1.3 Define keys (HO)
))
(/usr/share/texlive/texmf-dist/tex/latex/oberdiek/kvoptions.sty
Package: kvoptions 2011/06/30 v3.11 Key value format for package options (HO)

(/usr/share/texlive/texmf-dist/tex/generic/oberdiek/kvsetkeys.sty
Package: kvsetkeys 2012/04/25 v1.16 Key value parser (HO)

(/usr/share/texlive/texmf-dist/tex/generic/oberdiek/etexcmds.sty
Package: etexcmds 2011/02/16 v1.5 Avoid name clashes with e-TeX commands (HO)
Package etexcmds Info: Could not find \expanded.
(etexcmds)             That can mean that you are not using pdfTeX 1.50 or
(etexcmds)             that some package has redefined \expanded.
(etexcmds)             In the latter case, load this package earlier.
)))
Package grfext Info: Graphics extension search list:
(grfext)             [.png,.pdf,.jpg,.mps,.jpeg,.jbig2,.jb2,.PNG,.PDF,.JPG,.JPE
G,.JBIG2,.JB2,.eps]
(grfext)             \AppendGraphicsExtensions on input line 452.

(/usr/share/texlive/texmf-dist/tex/latex/latexconfig/epstopdf-sys.cfg
File: epstopdf-sys.cfg 2010/07/13 v1.3 Configuration of (r)epstopdf for TeX Liv
e
))
*geometry* driver: auto-detecting
*geometry* detected driver: pdftex
*geometry* verbose mode - [ preamble ] result:
* driver: pdftex
* paper: a4paper
* layout: <same size as paper>
* layoutoffset:(h,v)=(0.0pt,0.0pt)
* modes: 
* h-part:(L,W,R)=(85.35826pt, 426.79135pt, 85.35826pt)
* v-part:(T,H,B)=(99.58464pt, 674.33032pt, 71.13188pt)
* \paperwidth=597.50787pt
* \paperheight=845.04684pt
* \textwidth=426.79135pt
* \textheight=674.33032pt
* \oddsidemargin=13.08827pt
* \evensidemargin=13.08827pt
* \topmargin=-38.12675pt
* \headheight=56.9055pt
* \headsep=8.5359pt
* \topskip=10.0pt
* \footskip=28.45274pt
* \marginparwidth=57.0pt
* \marginparsep=11.0pt
* \columnsep=10.0pt
* \skip\footins=9.0pt plus 4.0pt minus 2.0pt
* \hoffset=0.0pt
* \voffset=0.0pt
* \mag=1000
* \@twocolumnfalse
* \@twosidefalse
* \@mparswitchfalse
* \@reversemarginfalse
* (1in=72.27pt=25.4mm, 1cm=28.453pt)

ABD: EveryShipout initializing macros
\c@lstlisting=\count195
Package caption Info: Begin \AtBeginDocument code.
Package caption Info: End \AtBeginDocument code.

processExamsWithCsv uses instance dir ~/fthv/hi/toyexam/trunk/40_exam/builds/ex
am2
(/home/hom/fthv/hi/toyexam/trunk/40_exam/builds/exam2/questions.tex
\general@k=\count196
\AMCgeneral@j=\count197
\general@i=\toks240
\general@ii=\toks241
\general@iii=\toks242
\general@iv=\toks243
\general@v=\toks244
\general@vi=\toks245
\general@vii=\toks246
\general@viii=\toks247
\general@ix=\toks248
\general@x=\toks249
\general@xi=\toks250
\general@xii=\toks251
\general@xiii=\toks252
\general@xiv=\toks253
\general@xv=\toks254
\general@xvi=\toks255
Normal \toks register pool exhausted, switching to extended pool.
\general@xvii=\toks256
\general@xviii=\toks257
\general@xix=\toks258
\general@xx=\toks259
\general@xxi=\toks260
\general@xxii=\toks261
\general@xxiii=\toks262
\general@xxiv=\toks263
\general@xxv=\toks264
\general@xxvi=\toks265
\general@xxvii=\toks266
\general@xxviii=\toks267
\general@xxix=\toks268
\general@xxx=\toks269
)
creating exam for Language=NL
<logo.pdf, id=4, 95.35625pt x 72.27pt>
File: logo.pdf Graphic file (type pdf)
 <use logo.pdf>
Package pdftex.def Info: logo.pdf used on input line 28.
(pdftex.def)             Requested size: 108.405pt x 82.16257pt.
LaTeX Font Info:    Font shape `T1/ptm/bx/n' in size <10> not available
(Font)              Font shape `T1/ptm/b/n' tried instead on input line 28.
LaTeX Font Info:    Font shape `T1/ptm/bx/n' in size <14.4> not available
(Font)              Font shape `T1/ptm/b/n' tried instead on input line 28.
LaTeX Font Info:    Try loading font information for T1+phv on input line 28.

(/usr/share/texlive/texmf-dist/tex/latex/psnfss/t1phv.fd
File: t1phv.fd 2001/06/04 scalable font definitions for T1/phv.
)
LaTeX Font Info:    Font shape `T1/phv/bx/n' in size <14.4> not available
(Font)              Font shape `T1/phv/b/n' tried instead on input line 28.
LaTeX Font Info:    Font shape `T1/phv/bx/n' in size <12> not available
(Font)              Font shape `T1/phv/b/n' tried instead on input line 28.
LaTeX Font Info:    Try loading font information for U+msa on input line 28.

(/usr/share/texlive/texmf-dist/tex/latex/amsfonts/umsa.fd
File: umsa.fd 2013/01/14 v3.01 AMS symbols A
)
LaTeX Font Info:    Try loading font information for U+msb on input line 28.

(/usr/share/texlive/texmf-dist/tex/latex/amsfonts/umsb.fd
File: umsb.fd 2013/01/14 v3.01 AMS symbols B
)
Underfull \hbox (badness 10000) in alignment at lines 28--28
[][][][]
 []

LaTeX Font Info:    Font shape `T1/phv/bx/n' in size <10> not available
(Font)              Font shape `T1/phv/b/n' tried instead on input line 28.
LaTeX Font Info:    Try loading font information for TS1+phv on input line 28.
(/usr/share/texlive/texmf-dist/tex/latex/psnfss/ts1phv.fd
File: ts1phv.fd 2001/06/04 scalable font definitions for TS1/phv.
)
<goodmark.png, id=5, 45.16875pt x 49.18375pt>
File: goodmark.png Graphic file (type png)
 <use goodmark.png>
Package pdftex.def Info: goodmark.png used on input line 28.
(pdftex.def)             Requested size: 9.60564pt x 10.45993pt.

<badmark.png, id=7, 45.16875pt x 49.18375pt>
File: badmark.png Graphic file (type png)
 <use badmark.png>
Package pdftex.def Info: badmark.png used on input line 28.
(pdftex.def)             Requested size: 9.60564pt x 10.45993pt.
LaTeX Font Info:    Try loading font information for T1+pcr on input line 28.

(/usr/share/texlive/texmf-dist/tex/latex/psnfss/t1pcr.fd
File: t1pcr.fd 2001/06/04 font definitions for T1/pcr.
)
LaTeX Font Info:    Font shape `T1/pcr/bx/n' in size <14.4> not available
(Font)              Font shape `T1/pcr/b/n' tried instead on input line 28.

Underfull \hbox (badness 10000) in paragraph at lines 28--28

 []


Overfull \hbox (156.48721pt too wide) in paragraph at lines 28--28
[][] 
 []

[1{/var/lib/texmf/fonts/map/pdftex/updmap/pdftex.map}

 </home/hom/texmf/tex/latex/fontexam/logo.pdf> </home/hom/texmf/tex/latex/fonte
xam/goodmark.png> </home/hom/texmf/tex/latex/fontexam/badmark.png>]
(/home/hom/fthv/hi/toyexam/trunk/40_exam/questions/math/interval.tex ( FP-EVAL
( FP-UPN ( FP-RANDOM ( FP-DIV ) ) ( FP-MUL ) ( FP-ADD ) ( FP-TRUNC ) ) )
( FP-EVAL ( FP-UPN ( FP-RANDOM ( FP-DIV ) ) ( FP-MUL ) ( FP-ADD ) ( FP-TRUNC )
) ) ( FP-EVAL ( FP-UPN ( FP-ADD ) ( FP-DIV ) ) ) ( FP-EVAL ( FP-UPN ( FP-CLIP
) ) ) ( FP-EVAL ( FP-UPN ( FP-ADD ) ( FP-CLIP ) ) ) ( FP-LT? ) ( FP-LT? )
( FP-LT? ) ( FP-EVAL ( FP-UPN ( FP-ADD ) ( FP-CLIP ) ) ) ( FP-LT? ) ( FP-LT? )
( FP-LT? ) ( FP-EVAL ( FP-UPN ( FP-ADD ) ( FP-CLIP ) ) ) ( FP-LT? ) ( FP-LT? )
( FP-LT? ) ( FP-EVAL ( FP-UPN ( FP-ADD ) ( FP-CLIP ) ) ) ( FP-LT? ) ( FP-LT? )
( FP-LT? ) ( FP-EVAL ( FP-UPN ( FP-ADD ) ( FP-CLIP ) ) ) ( FP-LT? ) ( FP-LT? )
( FP-LT? ) ( FP-EVAL ( FP-UPN ( FP-ADD ) ( FP-CLIP ) ) ) ( FP-LT? ) ( FP-LT? )
( FP-LT? ) ( FP-EVAL ( FP-UPN ( FP-ADD ) ( FP-CLIP ) ) ) ( FP-LT? ) ( FP-LT? )
( FP-LT? ) ( FP-EVAL ( FP-UPN ( FP-ADD ) ( FP-CLIP ) ) ) ( FP-LT? ) ( FP-LT? )
( FP-LT? ) ( FP-EVAL ( FP-UPN ( FP-ADD ) ( FP-CLIP ) ) ) ( FP-LT? ) ( FP-LT? )
( FP-LT? ) ( FP-EVAL ( FP-UPN ( FP-ADD ) ( FP-CLIP ) ) ) ( FP-LT? ) ( FP-LT? )
( FP-LT? ))
(/home/hom/fthv/hi/toyexam/trunk/40_exam/questions/multiset/provinciesteden7.te
x) (/home/hom/fthv/hi/toyexam/trunk/40_exam/questions/geography/benelux2.tex)
(/home/hom/fthv/hi/toyexam/trunk/40_exam/questions/multiset/provinciesteden8.te
x) (/home/hom/fthv/hi/toyexam/trunk/40_exam/questions/geography/benelux1.tex)
(/home/hom/fthv/hi/toyexam/trunk/40_exam/questions/multiset/provinciesteden6.te
x) (/home/hom/fthv/hi/toyexam/trunk/40_exam/questions/math/graph.tex)
(/home/hom/fthv/hi/toyexam/trunk/40_exam/questions/multiset/provinciesteden9.te
x) (/home/hom/fthv/hi/toyexam/trunk/40_exam/questions/geography/suisse1.tex
[2

]
<~/fthv/hi/toyexam/trunk/40_exam/questions/figures/suisse.pdf, id=34, 218.74217
pt x 142.44582pt>
File: ~/fthv/hi/toyexam/trunk/40_exam/questions/figures/suisse.pdf Graphic file
 (type pdf)

<use ~/fthv/hi/toyexam/trunk/40_exam/questions/figures/suisse.pdf>
Package pdftex.def Info: ~/fthv/hi/toyexam/trunk/40_exam/questions/figures/suis
se.pdf used on input line 13.
(pdftex.def)             Requested size: 99.58464pt x 64.85205pt.
)
(/home/hom/fthv/hi/toyexam/trunk/40_exam/questions/multiset/provinciesteden12.t
ex) (/home/hom/fthv/hi/toyexam/trunk/40_exam/questions/math/inverse3.tex)
(/home/hom/fthv/hi/toyexam/trunk/40_exam/questions/math/inverse.tex)
(/home/hom/fthv/hi/toyexam/trunk/40_exam/questions/java/oRacingSequence.tex
LaTeX Font Info:    Font shape `T1/ptm/bx/n' in size <8> not available
(Font)              Font shape `T1/ptm/b/n' tried instead on input line 31.

Overfull \hbox (6.0pt too wide) in paragraph at lines 31--31
[][][][][][][] 
 []


(/home/hom/fthv/hi/toyexam/trunk/40_exam/questions/code/ExamCode/src/racingsequ
ence/r2/Sequence.java
LaTeX Font Info:    Font shape `T1/ptm/bx/n' in size <7> not available
(Font)              Font shape `T1/ptm/b/n' tried instead on input line 3.
)
Overfull \hbox (6.0pt too wide) in paragraph at lines 31--31
[][][][][][][] 
 []


(/home/hom/fthv/hi/toyexam/trunk/40_exam/questions/code/ExamCode/src/racingsequ
ence/r1/Sequence.java)
Overfull \hbox (6.0pt too wide) in paragraph at lines 31--31
[][][][][][][] 
 []


(/home/hom/fthv/hi/toyexam/trunk/40_exam/questions/code/ExamCode/src/racingsequ
ence/r3/Sequence.java)
Overfull \hbox (6.0pt too wide) in paragraph at lines 31--31
[][][][][][][] 
 []


(/home/hom/fthv/hi/toyexam/trunk/40_exam/questions/code/ExamCode/src/racingsequ
ence/r4/Sequence.java
LaTeX Font Info:    Font shape `T1/pcr/bx/n' in size <7> not available
(Font)              Font shape `T1/pcr/b/n' tried instead on input line 7.
))
(/home/hom/fthv/hi/toyexam/trunk/40_exam/questions/geography/netherlands3.tex
LaTeX Font Info:    Font shape `T1/ptm/bx/it' in size <10> not available
(Font)              Font shape `T1/ptm/b/it' tried instead on input line 7.
)
(/home/hom/fthv/hi/toyexam/trunk/40_exam/questions/geography/denmark1.tex
<~/fthv/hi/toyexam/trunk/40_exam/questions/figures/denmark1.pdf, id=35, 706.64p
t x 586.19pt>
File: ~/fthv/hi/toyexam/trunk/40_exam/questions/figures/denmark1.pdf Graphic fi
le (type pdf)

<use ~/fthv/hi/toyexam/trunk/40_exam/questions/figures/denmark1.pdf>
Package pdftex.def Info: ~/fthv/hi/toyexam/trunk/40_exam/questions/figures/denm
ark1.pdf used on input line 12.
(pdftex.def)             Requested size: 85.35826pt x 70.80487pt.
 [3 </home/hom/fthv/hi/toyexam/trunk/40_exam/questions/figures/suisse.pdf>] [4]
)
(/home/hom/fthv/hi/toyexam/trunk/40_exam/questions/geography/netherlands2.tex)
(/home/hom/fthv/hi/toyexam/trunk/40_exam/questions/multiset/provinciesteden2.te
x)
(/home/hom/fthv/hi/toyexam/trunk/40_exam/questions/multiset/provinciesteden3.te
x)
(/home/hom/fthv/hi/toyexam/trunk/40_exam/questions/multiset/provinciesteden4.te
x) (/home/hom/fthv/hi/toyexam/trunk/40_exam/questions/geography/norway2.tex)
(/home/hom/fthv/hi/toyexam/trunk/40_exam/questions/geography/norway1.tex
<~/fthv/hi/toyexam/trunk/40_exam/questions/figures/norway1.pdf, id=48, 597.5078
6pt x 845.04686pt>
File: ~/fthv/hi/toyexam/trunk/40_exam/questions/figures/norway1.pdf Graphic fil
e (type pdf)

<use ~/fthv/hi/toyexam/trunk/40_exam/questions/figures/norway1.pdf>
Package pdftex.def Info: ~/fthv/hi/toyexam/trunk/40_exam/questions/figures/norw
ay1.pdf used on input line 12.
(pdftex.def)             Requested size: 85.35826pt x 120.717pt.
)
(/home/hom/fthv/hi/toyexam/trunk/40_exam/questions/multiset/provinciesteden1.te
x) (/home/hom/fthv/hi/toyexam/trunk/40_exam/questions/math/sqrt2.tex ( FP-EVAL
( FP-UPN ( FP-RANDOM ( FP-DIV ) ) ( FP-MUL ) ( FP-ADD ) ( FP-TRUNC ) ) )
( FP-EVAL ( FP-UPN ( FP-POW ) ) ))
(/home/hom/fthv/hi/toyexam/trunk/40_exam/questions/geography/netherlands1.tex
<~/fthv/hi/toyexam/trunk/40_exam/questions/figures/netherlands.pdf, id=49, 160.
6pt x 189.508pt>
File: ~/fthv/hi/toyexam/trunk/40_exam/questions/figures/netherlands.pdf Graphic
 file (type pdf)

<use ~/fthv/hi/toyexam/trunk/40_exam/questions/figures/netherlands.pdf>
Package pdftex.def Info: ~/fthv/hi/toyexam/trunk/40_exam/questions/figures/neth
erlands.pdf used on input line 12.
(pdftex.def)             Requested size: 85.35826pt x 100.72502pt.

[5 </home/hom/fthv/hi/toyexam/trunk/40_exam/questions/figures/denmark1.pdf> </h
ome/hom/fthv/hi/toyexam/trunk/40_exam/questions/figures/norway1.pdf

pdfTeX warning: pdflatex (file /home/hom/fthv/hi/toyexam/trunk/40_exam/question
s/figures/norway1.pdf): PDF inclusion: multiple pdfs with page group included i
n a single page
>]) (/home/hom/fthv/hi/toyexam/trunk/40_exam/questions/math/addition.tex
( FP-EVAL ( FP-UPN ( FP-RANDOM ( FP-DIV ) ) ( FP-MUL ) ( FP-ADD ) ( FP-TRUNC )
) ) ( FP-EVAL ( FP-UPN ( FP-RANDOM ( FP-DIV ) ) ( FP-MUL ) ( FP-ADD )
( FP-TRUNC ) ) ) ( FP-EVAL ( FP-UPN ( FP-ADD ) ( FP-CLIP ) ) ) ( FP-EVAL
( FP-UPN ( FP-ADD ) ( FP-SUB ) ( FP-CLIP ) ) ) ( FP-EVAL ( FP-UPN ( FP-MUL )
( FP-CLIP ) ) ) ( FP-EVAL ( FP-UPN ( FP-SUB ) ( FP-CLIP ) ) ))
(/home/hom/fthv/hi/toyexam/trunk/40_exam/questions/multiset/provinciesteden10.t
ex) (/home/hom/fthv/hi/toyexam/trunk/40_exam/questions/geography/portugal1.tex
<~/fthv/hi/toyexam/trunk/40_exam/questions/figures/portugal1.pdf, id=110, 139.5
27pt x 287.19827pt>
File: ~/fthv/hi/toyexam/trunk/40_exam/questions/figures/portugal1.pdf Graphic f
ile (type pdf)

<use ~/fthv/hi/toyexam/trunk/40_exam/questions/figures/portugal1.pdf>
Package pdftex.def Info: ~/fthv/hi/toyexam/trunk/40_exam/questions/figures/port
ugal1.pdf used on input line 11.
(pdftex.def)             Requested size: 51.21495pt x 105.42029pt.
)
(/home/hom/fthv/hi/toyexam/trunk/40_exam/questions/multiset/provinciesteden11.t
ex)
(/home/hom/fthv/hi/toyexam/trunk/40_exam/questions/multiset/provinciesteden5.te
x) (/home/hom/fthv/hi/toyexam/trunk/40_exam/questions/geography/denmark2.tex)
[6 </home/hom/fthv/hi/toyexam/trunk/40_exam/questions/figures/netherlands.pdf> 
</home/hom/fthv/hi/toyexam/trunk/40_exam/questions/figures/portugal1.pdf

pdfTeX warning: pdflatex (file /home/hom/fthv/hi/toyexam/trunk/40_exam/question
s/figures/portugal1.pdf): PDF inclusion: multiple pdfs with page group included
 in a single page
>] [7]
LaTeX Font Info:    Font shape `T1/ptm/bx/n' in size <12> not available
(Font)              Font shape `T1/ptm/b/n' tried instead on input line 28.

Overfull \hbox (156.48721pt too wide) in paragraph at lines 28--28
[][] 
 []

LaTeX Font Info:    Font shape `T1/phv/bx/n' in size <7> not available
(Font)              Font shape `T1/phv/b/n' tried instead on input line 28.
( FP-EVAL ( FP-UPN ( FP-POW ) ( FP-MUL ) ( FP-ROUND ) ) ) [8

]
creating exam for Language=DE
File: logo.pdf Graphic file (type pdf)
<use logo.pdf>
Package pdftex.def Info: logo.pdf used on input line 28.
(pdftex.def)             Requested size: 108.405pt x 82.16257pt.

Underfull \hbox (badness 10000) in alignment at lines 28--28
[][][][]
 []

File: goodmark.png Graphic file (type png)
<use goodmark.png>
Package pdftex.def Info: goodmark.png used on input line 28.
(pdftex.def)             Requested size: 9.60564pt x 10.45993pt.
File: badmark.png Graphic file (type png)
 <use badmark.png>
Package pdftex.def Info: badmark.png used on input line 28.
(pdftex.def)             Requested size: 9.60564pt x 10.45993pt.

Underfull \hbox (badness 10000) in paragraph at lines 28--28

 []


Overfull \hbox (156.48721pt too wide) in paragraph at lines 28--28
[][] 
 []

[1

] (/home/hom/fthv/hi/toyexam/trunk/40_exam/questions/geography/norway1.tex
File: ~/fthv/hi/toyexam/trunk/40_exam/questions/figures/norway1.pdf Graphic fil
e (type pdf)

<use ~/fthv/hi/toyexam/trunk/40_exam/questions/figures/norway1.pdf>
Package pdftex.def Info: ~/fthv/hi/toyexam/trunk/40_exam/questions/figures/norw
ay1.pdf used on input line 12.
(pdftex.def)             Requested size: 85.35826pt x 120.717pt.
)
(/home/hom/fthv/hi/toyexam/trunk/40_exam/questions/geography/denmark1.tex
File: ~/fthv/hi/toyexam/trunk/40_exam/questions/figures/denmark1.pdf Graphic fi
le (type pdf)

<use ~/fthv/hi/toyexam/trunk/40_exam/questions/figures/denmark1.pdf>
Package pdftex.def Info: ~/fthv/hi/toyexam/trunk/40_exam/questions/figures/denm
ark1.pdf used on input line 12.
(pdftex.def)             Requested size: 85.35826pt x 70.80487pt.
)
(/home/hom/fthv/hi/toyexam/trunk/40_exam/questions/multiset/provinciesteden11.t
ex)
(/home/hom/fthv/hi/toyexam/trunk/40_exam/questions/multiset/provinciesteden4.te
x)
(/home/hom/fthv/hi/toyexam/trunk/40_exam/questions/multiset/provinciesteden3.te
x) (/home/hom/fthv/hi/toyexam/trunk/40_exam/questions/math/addition.tex
( FP-EVAL ( FP-UPN ( FP-RANDOM ( FP-DIV ) ) ( FP-MUL ) ( FP-ADD ) ( FP-TRUNC )
) ) ( FP-EVAL ( FP-UPN ( FP-RANDOM ( FP-DIV ) ) ( FP-MUL ) ( FP-ADD )
( FP-TRUNC ) ) ) ( FP-EVAL ( FP-UPN ( FP-ADD ) ( FP-CLIP ) ) ) ( FP-EVAL
( FP-UPN ( FP-ADD ) ( FP-SUB ) ( FP-CLIP ) ) ) ( FP-EVAL ( FP-UPN ( FP-MUL )
( FP-CLIP ) ) ) ( FP-EVAL ( FP-UPN ( FP-SUB ) ( FP-CLIP ) ) ))
(/home/hom/fthv/hi/toyexam/trunk/40_exam/questions/geography/netherlands2.tex)
(/home/hom/fthv/hi/toyexam/trunk/40_exam/questions/multiset/provinciesteden9.te
x)
(/home/hom/fthv/hi/toyexam/trunk/40_exam/questions/multiset/provinciesteden8.te
x)
(/home/hom/fthv/hi/toyexam/trunk/40_exam/questions/multiset/provinciesteden12.t
ex)
(/home/hom/fthv/hi/toyexam/trunk/40_exam/questions/geography/netherlands1.tex
File: ~/fthv/hi/toyexam/trunk/40_exam/questions/figures/netherlands.pdf Graphic
 file (type pdf)

<use ~/fthv/hi/toyexam/trunk/40_exam/questions/figures/netherlands.pdf>
Package pdftex.def Info: ~/fthv/hi/toyexam/trunk/40_exam/questions/figures/neth
erlands.pdf used on input line 12.
(pdftex.def)             Requested size: 85.35826pt x 100.72502pt.

[2

]) (/home/hom/fthv/hi/toyexam/trunk/40_exam/questions/math/inverse3.tex)
(/home/hom/fthv/hi/toyexam/trunk/40_exam/questions/java/oRacingSequence.tex
Overfull \hbox (6.0pt too wide) in paragraph at lines 31--31
[][][][][][][] 
 []


(/home/hom/fthv/hi/toyexam/trunk/40_exam/questions/code/ExamCode/src/racingsequ
ence/r4/Sequence.java)
Overfull \hbox (6.0pt too wide) in paragraph at lines 31--31
[][][][][][][] 
 []


(/home/hom/fthv/hi/toyexam/trunk/40_exam/questions/code/ExamCode/src/racingsequ
ence/r2/Sequence.java)
Overfull \hbox (6.0pt too wide) in paragraph at lines 31--31
[][][][][][][] 
 []


(/home/hom/fthv/hi/toyexam/trunk/40_exam/questions/code/ExamCode/src/racingsequ
ence/r3/Sequence.java)
Overfull \hbox (6.0pt too wide) in paragraph at lines 31--31
[][][][][][][] 
 []


(/home/hom/fthv/hi/toyexam/trunk/40_exam/questions/code/ExamCode/src/racingsequ
ence/r1/Sequence.java))
(/home/hom/fthv/hi/toyexam/trunk/40_exam/questions/geography/benelux2.tex
[3]) (/home/hom/fthv/hi/toyexam/trunk/40_exam/questions/geography/norway2.tex)
(/home/hom/fthv/hi/toyexam/trunk/40_exam/questions/multiset/provinciesteden6.te
x) (/home/hom/fthv/hi/toyexam/trunk/40_exam/questions/math/graph.tex)
(/home/hom/fthv/hi/toyexam/trunk/40_exam/questions/geography/netherlands3.tex)
(/home/hom/fthv/hi/toyexam/trunk/40_exam/questions/math/inverse.tex)
(/home/hom/fthv/hi/toyexam/trunk/40_exam/questions/geography/suisse1.tex
[4]
File: ~/fthv/hi/toyexam/trunk/40_exam/questions/figures/suisse.pdf Graphic file
 (type pdf)
 <use ~/fthv/hi/toyexam/trunk/40_exam/questions/figures/suisse.pdf>
Package pdftex.def Info: ~/fthv/hi/toyexam/trunk/40_exam/questions/figures/suis
se.pdf used on input line 13.
(pdftex.def)             Requested size: 99.58464pt x 64.85205pt.
)
(/home/hom/fthv/hi/toyexam/trunk/40_exam/questions/geography/denmark2.tex)
(/home/hom/fthv/hi/toyexam/trunk/40_exam/questions/multiset/provinciesteden2.te
x)
(/home/hom/fthv/hi/toyexam/trunk/40_exam/questions/multiset/provinciesteden5.te
x) (/home/hom/fthv/hi/toyexam/trunk/40_exam/questions/math/sqrt2.tex ( FP-EVAL
( FP-UPN ( FP-RANDOM ( FP-DIV ) ) ( FP-MUL ) ( FP-ADD ) ( FP-TRUNC ) ) )
( FP-EVAL ( FP-UPN ( FP-POW ) ) ))
(/home/hom/fthv/hi/toyexam/trunk/40_exam/questions/multiset/provinciesteden7.te
x) (/home/hom/fthv/hi/toyexam/trunk/40_exam/questions/geography/portugal1.tex
File: ~/fthv/hi/toyexam/trunk/40_exam/questions/figures/portugal1.pdf Graphic f
ile (type pdf)

<use ~/fthv/hi/toyexam/trunk/40_exam/questions/figures/portugal1.pdf>
Package pdftex.def Info: ~/fthv/hi/toyexam/trunk/40_exam/questions/figures/port
ugal1.pdf used on input line 11.
(pdftex.def)             Requested size: 51.21495pt x 105.42029pt.
 [5])
(/home/hom/fthv/hi/toyexam/trunk/40_exam/questions/geography/benelux1.tex)
(/home/hom/fthv/hi/toyexam/trunk/40_exam/questions/multiset/provinciesteden1.te
x)
(/home/hom/fthv/hi/toyexam/trunk/40_exam/questions/multiset/provinciesteden10.t
ex) (/home/hom/fthv/hi/toyexam/trunk/40_exam/questions/math/interval.tex
( FP-EVAL ( FP-UPN ( FP-RANDOM ( FP-DIV ) ) ( FP-MUL ) ( FP-ADD ) ( FP-TRUNC )
) ) ( FP-EVAL ( FP-UPN ( FP-RANDOM ( FP-DIV ) ) ( FP-MUL ) ( FP-ADD )
( FP-TRUNC ) ) ) ( FP-EVAL ( FP-UPN ( FP-ADD ) ( FP-DIV ) ) ) ( FP-EVAL
( FP-UPN ( FP-CLIP ) ) ) ( FP-EVAL ( FP-UPN ( FP-ADD ) ( FP-CLIP ) ) )
( FP-LT? ) ( FP-LT? ) ( FP-LT? ) ( FP-EVAL ( FP-UPN ( FP-ADD ) ( FP-CLIP ) ) )
( FP-LT? ) ( FP-LT? ) ( FP-LT? ) ( FP-EVAL ( FP-UPN ( FP-ADD ) ( FP-CLIP ) ) )
( FP-LT? ) ( FP-LT? ) ( FP-LT? ) ( FP-EVAL ( FP-UPN ( FP-ADD ) ( FP-CLIP ) ) )
( FP-LT? ) ( FP-LT? ) ( FP-LT? ) ( FP-EVAL ( FP-UPN ( FP-ADD ) ( FP-CLIP ) ) )
( FP-LT? ) ( FP-LT? ) ( FP-LT? ) ( FP-EVAL ( FP-UPN ( FP-ADD ) ( FP-CLIP ) ) )
( FP-LT? ) ( FP-LT? ) ( FP-LT? ) ( FP-EVAL ( FP-UPN ( FP-ADD ) ( FP-CLIP ) ) )
( FP-LT? ) ( FP-LT? ) ( FP-LT? ) ( FP-EVAL ( FP-UPN ( FP-ADD ) ( FP-CLIP ) ) )
( FP-LT? ) ( FP-LT? ) ( FP-LT? ) ( FP-EVAL ( FP-UPN ( FP-ADD ) ( FP-CLIP ) ) )
( FP-LT? ) ( FP-LT? ) ( FP-LT? ) ( FP-EVAL ( FP-UPN ( FP-ADD ) ( FP-CLIP ) ) )
( FP-LT? ) ( FP-LT? ) ( FP-LT? )) [6] [7]
Overfull \hbox (156.48721pt too wide) in paragraph at lines 28--28
[][] 
 []

( FP-EVAL ( FP-UPN ( FP-POW ) ( FP-MUL ) ( FP-ROUND ) ) ) [8

]
creating exam for Language=EN
File: logo.pdf Graphic file (type pdf)
<use logo.pdf>
Package pdftex.def Info: logo.pdf used on input line 28.
(pdftex.def)             Requested size: 108.405pt x 82.16257pt.

Underfull \hbox (badness 10000) in alignment at lines 28--28
[][][][]
 []

File: goodmark.png Graphic file (type png)
<use goodmark.png>
Package pdftex.def Info: goodmark.png used on input line 28.
(pdftex.def)             Requested size: 9.60564pt x 10.45993pt.
LaTeX Font Info:    Font shape `T1/phv/m/it' in size <10> not available
(Font)              Font shape `T1/phv/m/sl' tried instead on input line 28.
File: badmark.png Graphic file (type png)
 <use badmark.png>
Package pdftex.def Info: badmark.png used on input line 28.
(pdftex.def)             Requested size: 9.60564pt x 10.45993pt.

Underfull \hbox (badness 10000) in paragraph at lines 28--28

 []


Overfull \hbox (156.48721pt too wide) in paragraph at lines 28--28
[][] 
 []

[1

]
(/home/hom/fthv/hi/toyexam/trunk/40_exam/questions/multiset/provinciesteden3.te
x)
(/home/hom/fthv/hi/toyexam/trunk/40_exam/questions/multiset/provinciesteden5.te
x) (/home/hom/fthv/hi/toyexam/trunk/40_exam/questions/math/inverse3.tex)
(/home/hom/fthv/hi/toyexam/trunk/40_exam/questions/geography/benelux1.tex)
(/home/hom/fthv/hi/toyexam/trunk/40_exam/questions/geography/suisse1.tex
File: ~/fthv/hi/toyexam/trunk/40_exam/questions/figures/suisse.pdf Graphic file
 (type pdf)

<use ~/fthv/hi/toyexam/trunk/40_exam/questions/figures/suisse.pdf>
Package pdftex.def Info: ~/fthv/hi/toyexam/trunk/40_exam/questions/figures/suis
se.pdf used on input line 13.
(pdftex.def)             Requested size: 99.58464pt x 64.85205pt.
)
(/home/hom/fthv/hi/toyexam/trunk/40_exam/questions/geography/netherlands1.tex
File: ~/fthv/hi/toyexam/trunk/40_exam/questions/figures/netherlands.pdf Graphic
 file (type pdf)

<use ~/fthv/hi/toyexam/trunk/40_exam/questions/figures/netherlands.pdf>
Package pdftex.def Info: ~/fthv/hi/toyexam/trunk/40_exam/questions/figures/neth
erlands.pdf used on input line 12.
(pdftex.def)             Requested size: 85.35826pt x 100.72502pt.
)
(/home/hom/fthv/hi/toyexam/trunk/40_exam/questions/math/inverse.tex)
(/home/hom/fthv/hi/toyexam/trunk/40_exam/questions/geography/denmark2.tex)
(/home/hom/fthv/hi/toyexam/trunk/40_exam/questions/multiset/provinciesteden1.te
x) (/home/hom/fthv/hi/toyexam/trunk/40_exam/questions/geography/benelux2.tex
[2

])
(/home/hom/fthv/hi/toyexam/trunk/40_exam/questions/multiset/provinciesteden4.te
x) (/home/hom/fthv/hi/toyexam/trunk/40_exam/questions/java/oRacingSequence.tex
Overfull \hbox (6.0pt too wide) in paragraph at lines 31--31
[][][][][][][] 
 []


(/home/hom/fthv/hi/toyexam/trunk/40_exam/questions/code/ExamCode/src/racingsequ
ence/r4/Sequence.java)
Overfull \hbox (6.0pt too wide) in paragraph at lines 31--31
[][][][][][][] 
 []


(/home/hom/fthv/hi/toyexam/trunk/40_exam/questions/code/ExamCode/src/racingsequ
ence/r1/Sequence.java)
Overfull \hbox (6.0pt too wide) in paragraph at lines 31--31
[][][][][][][] 
 []


(/home/hom/fthv/hi/toyexam/trunk/40_exam/questions/code/ExamCode/src/racingsequ
ence/r3/Sequence.java)
Overfull \hbox (6.0pt too wide) in paragraph at lines 31--31
[][][][][][][] 
 []


(/home/hom/fthv/hi/toyexam/trunk/40_exam/questions/code/ExamCode/src/racingsequ
ence/r2/Sequence.java))
(/home/hom/fthv/hi/toyexam/trunk/40_exam/questions/multiset/provinciesteden6.te
x)
(/home/hom/fthv/hi/toyexam/trunk/40_exam/questions/multiset/provinciesteden12.t
ex)
(/home/hom/fthv/hi/toyexam/trunk/40_exam/questions/multiset/provinciesteden9.te
x) (/home/hom/fthv/hi/toyexam/trunk/40_exam/questions/math/interval.tex
( FP-EVAL ( FP-UPN ( FP-RANDOM ( FP-DIV ) ) ( FP-MUL ) ( FP-ADD ) ( FP-TRUNC )
) ) ( FP-EVAL ( FP-UPN ( FP-RANDOM ( FP-DIV ) ) ( FP-MUL ) ( FP-ADD )
( FP-TRUNC ) ) ) ( FP-EVAL ( FP-UPN ( FP-ADD ) ( FP-DIV ) ) ) ( FP-EVAL
( FP-UPN ( FP-CLIP ) ) ) ( FP-EVAL ( FP-UPN ( FP-ADD ) ( FP-CLIP ) ) )
( FP-LT? ) ( FP-LT? ) ( FP-LT? ) ( FP-EVAL ( FP-UPN ( FP-ADD ) ( FP-CLIP ) ) )
( FP-LT? ) ( FP-LT? ) ( FP-LT? ) ( FP-EVAL ( FP-UPN ( FP-ADD ) ( FP-CLIP ) ) )
( FP-LT? ) ( FP-LT? ) ( FP-LT? ) ( FP-EVAL ( FP-UPN ( FP-ADD ) ( FP-CLIP ) ) )
( FP-LT? ) ( FP-LT? ) ( FP-LT? ) ( FP-EVAL ( FP-UPN ( FP-ADD ) ( FP-CLIP ) ) )
( FP-LT? ) ( FP-LT? ) ( FP-LT? ) ( FP-EVAL ( FP-UPN ( FP-ADD ) ( FP-CLIP ) ) )
( FP-LT? ) ( FP-LT? ) ( FP-LT? ) ( FP-EVAL ( FP-UPN ( FP-ADD ) ( FP-CLIP ) ) )
( FP-LT? ) ( FP-LT? ) ( FP-LT? ) ( FP-EVAL ( FP-UPN ( FP-ADD ) ( FP-CLIP ) ) )
( FP-LT? ) ( FP-LT? ) ( FP-LT? ) ( FP-EVAL ( FP-UPN ( FP-ADD ) ( FP-CLIP ) ) )
( FP-LT? ) ( FP-LT? ) ( FP-LT? ) ( FP-EVAL ( FP-UPN ( FP-ADD ) ( FP-CLIP ) ) )
( FP-LT? ) ( FP-LT? ) ( FP-LT? ))
(/home/hom/fthv/hi/toyexam/trunk/40_exam/questions/multiset/provinciesteden7.te
x) (/home/hom/fthv/hi/toyexam/trunk/40_exam/questions/math/graph.tex)
(/home/hom/fthv/hi/toyexam/trunk/40_exam/questions/geography/portugal1.tex
File: ~/fthv/hi/toyexam/trunk/40_exam/questions/figures/portugal1.pdf Graphic f
ile (type pdf)

<use ~/fthv/hi/toyexam/trunk/40_exam/questions/figures/portugal1.pdf>
Package pdftex.def Info: ~/fthv/hi/toyexam/trunk/40_exam/questions/figures/port
ugal1.pdf used on input line 11.
(pdftex.def)             Requested size: 51.21495pt x 105.42029pt.
 [3]
[4]) (/home/hom/fthv/hi/toyexam/trunk/40_exam/questions/math/addition.tex
( FP-EVAL ( FP-UPN ( FP-RANDOM ( FP-DIV ) ) ( FP-MUL ) ( FP-ADD ) ( FP-TRUNC )
) ) ( FP-EVAL ( FP-UPN ( FP-RANDOM ( FP-DIV ) ) ( FP-MUL ) ( FP-ADD )
( FP-TRUNC ) ) ) ( FP-EVAL ( FP-UPN ( FP-ADD ) ( FP-CLIP ) ) ) ( FP-EVAL
( FP-UPN ( FP-ADD ) ( FP-SUB ) ( FP-CLIP ) ) ) ( FP-EVAL ( FP-UPN ( FP-MUL )
( FP-CLIP ) ) ) ( FP-EVAL ( FP-UPN ( FP-SUB ) ( FP-CLIP ) ) ))
(/home/hom/fthv/hi/toyexam/trunk/40_exam/questions/geography/norway1.tex
File: ~/fthv/hi/toyexam/trunk/40_exam/questions/figures/norway1.pdf Graphic fil
e (type pdf)

<use ~/fthv/hi/toyexam/trunk/40_exam/questions/figures/norway1.pdf>
Package pdftex.def Info: ~/fthv/hi/toyexam/trunk/40_exam/questions/figures/norw
ay1.pdf used on input line 12.
(pdftex.def)             Requested size: 85.35826pt x 120.717pt.
 [5])
(/home/hom/fthv/hi/toyexam/trunk/40_exam/questions/math/sqrt2.tex ( FP-EVAL
( FP-UPN ( FP-RANDOM ( FP-DIV ) ) ( FP-MUL ) ( FP-ADD ) ( FP-TRUNC ) ) )
( FP-EVAL ( FP-UPN ( FP-POW ) ) ))
(/home/hom/fthv/hi/toyexam/trunk/40_exam/questions/multiset/provinciesteden2.te
x)
(/home/hom/fthv/hi/toyexam/trunk/40_exam/questions/geography/netherlands3.tex)
(/home/hom/fthv/hi/toyexam/trunk/40_exam/questions/geography/netherlands2.tex)
(/home/hom/fthv/hi/toyexam/trunk/40_exam/questions/multiset/provinciesteden8.te
x)
(/home/hom/fthv/hi/toyexam/trunk/40_exam/questions/multiset/provinciesteden10.t
ex) (/home/hom/fthv/hi/toyexam/trunk/40_exam/questions/geography/denmark1.tex
File: ~/fthv/hi/toyexam/trunk/40_exam/questions/figures/denmark1.pdf Graphic fi
le (type pdf)

<use ~/fthv/hi/toyexam/trunk/40_exam/questions/figures/denmark1.pdf>
Package pdftex.def Info: ~/fthv/hi/toyexam/trunk/40_exam/questions/figures/denm
ark1.pdf used on input line 12.
(pdftex.def)             Requested size: 85.35826pt x 70.80487pt.
 [6])
(/home/hom/fthv/hi/toyexam/trunk/40_exam/questions/geography/norway2.tex)
(/home/hom/fthv/hi/toyexam/trunk/40_exam/questions/multiset/provinciesteden11.t
ex) [7]
Overfull \hbox (156.48721pt too wide) in paragraph at lines 28--28
[][] 
 []

( FP-EVAL ( FP-UPN ( FP-POW ) ( FP-MUL ) ( FP-ROUND ) ) ) [8

] (./source.aux) ) ) 
Here is how much of TeX's memory you used:
 18681 strings out of 494325
 327778 string characters out of 6161492
 511512 words of memory out of 5000000
 21216 multiletter control sequences out of 15000+600000
 66580 words of font info for 90 fonts, out of 8000000 for 9000
 392 hyphenation exceptions out of 8191
 60i,22n,92p,821b,1697s stack positions out of 5000i,500n,10000p,200000b,80000s
{/usr/share/texlive/texmf-dist/fonts/enc/dvips/base/8r.enc}
</usr/share/texlive/texmf-dist/fonts/type1/public/amsfonts/cm/cmmi10.pfb></usr/
share/texlive/texmf-dist/fonts/type1/public/amsfonts/cm/cmmi7.pfb></usr/share/t
exlive/texmf-dist/fonts/type1/public/amsfonts/cm/cmr10.pfb></usr/share/texlive/
texmf-dist/fonts/type1/public/amsfonts/cm/cmr17.pfb></usr/share/texlive/texmf-d
ist/fonts/type1/public/amsfonts/cm/cmr7.pfb></usr/share/texlive/texmf-dist/font
s/type1/public/amsfonts/cm/cmsy10.pfb></usr/share/texlive/texmf-dist/fonts/type
1/public/amsfonts/cm/cmsy7.pfb></usr/share/texlive/texmf-dist/fonts/type1/publi
c/amsfonts/latxfont/lcircle1.pfb></usr/share/texlive/texmf-dist/fonts/type1/pub
lic/amsfonts/symbols/msbm10.pfb></usr/share/texlive/texmf-dist/fonts/type1/urw/
courier/ucrb8a.pfb></usr/share/texlive/texmf-dist/fonts/type1/urw/courier/ucrr8
a.pfb></usr/share/texlive/texmf-dist/fonts/type1/urw/helvetic/uhvb8a.pfb></usr/
share/texlive/texmf-dist/fonts/type1/urw/helvetic/uhvr8a.pfb></usr/share/texliv
e/texmf-dist/fonts/type1/urw/helvetic/uhvro8a.pfb></usr/share/texlive/texmf-dis
t/fonts/type1/urw/times/utmb8a.pfb></usr/share/texlive/texmf-dist/fonts/type1/u
rw/times/utmbi8a.pfb></usr/share/texlive/texmf-dist/fonts/type1/urw/times/utmr8
a.pfb></usr/share/texlive/texmf-dist/fonts/type1/urw/times/utmri8a.pfb></usr/sh
are/texlive/texmf-dist/fonts/type1/urw/zapfding/uzdr.pfb>
Output written on source.pdf (24 pages, 496138 bytes).
PDF statistics:
 239 PDF objects out of 1000 (max. 8388607)
 156 compressed objects within 2 object streams
 0 named destinations out of 1000 (max. 500000)
 53 words of extra memory for PDF output out of 10000 (max. 10000000)

